Executing R ...
Fitting model for P203_DataAnalysis.Rmd...
The corresponding *.out file is 4204115.out
Setting the current working directory...

Loading the libraries...
Loading required package: Matrix

Attaching package: ‘lmerTest’

The following object is masked from ‘package:lme4’:

    lmer

The following object is masked from ‘package:stats’:

    step


Loading the data file...

################################################################################
Fitting the lmm.zcp.P1.E1 model...
start par. =  1 1 1 1 1 1 1 1 1 1 1 1 1 1 1 1 1 1 1 1 1 1 1 1 1 1 1 1 1 1 1 1 1 1 1 1 1 1 1 1 1 1 1 1 1 1 1 1 fn =  387513.6 
At return
eval: 9160 fn:      381946.26 par: 4.94529e-07 4.85721e-06 2.55772e-07 0.152124 1.15859e-07 0.113583 0.0896214 0.0567755 1.10463e-06 2.07847e-07 6.66709e-07 0.0777667 3.47482e-09 0.0337216 0.0537825 0.0190736 2.65043e-05 2.06080e-06 1.80706e-06 6.18860e-08 0.259771 2.73934e-07 0.000922586 3.39439e-06  0.00000 0.150889 2.50091e-07 6.19355e-08 0.0818969 0.0608104 0.0773216 0.0168652  0.00000 2.35925e-06 9.46434e-07 8.71793e-06 0.0873212 0.0826166 3.98145e-07 0.0725462 4.60203e-07 0.0935937 0.0740375 0.204603 0.0524904 0.0475978 0.124322 0.350146
boundary (singular) fit: see ?isSingular
Warning message:
Model failed to converge with 2 negative eigenvalues: -1.0e+01 -2.3e+04 

Saving the lmm.zcp.P1.E1
R version 3.5.3 (2019-03-11)
Platform: x86_64-pc-linux-gnu (64-bit)
Running under: CentOS Linux 7 (Core)

Matrix products: default
BLAS/LAPACK: /scale_wlg_persistent/filesets/opt_nesi/CS400_centos7_bdw/imkl/2018.4.274-gimpi-2018b/compilers_and_libraries_2018.5.274/linux/mkl/lib/intel64_lin/libmkl_gf_lp64.so

locale:
 [1] LC_CTYPE=en_US.UTF-8       LC_NUMERIC=C              
 [3] LC_TIME=en_US.UTF-8        LC_COLLATE=en_US.UTF-8    
 [5] LC_MONETARY=en_US.UTF-8    LC_MESSAGES=en_US.UTF-8   
 [7] LC_PAPER=en_US.UTF-8       LC_NAME=C                 
 [9] LC_ADDRESS=C               LC_TELEPHONE=C            
[11] LC_MEASUREMENT=en_US.UTF-8 LC_IDENTIFICATION=C       

attached base packages:
[1] stats     graphics  grDevices utils     datasets  methods   base     

other attached packages:
[1] lmerTest_3.1-0 lme4_1.1-21    Matrix_1.2-16 

loaded via a namespace (and not attached):
 [1] Rcpp_1.0.0        magrittr_1.5      bindr_0.1.1       splines_3.5.3    
 [5] MASS_7.3-51.1     tidyselect_0.2.5  munsell_0.5.0     colorspace_1.4-0 
 [9] lattice_0.20-38   R6_2.4.0          rlang_0.3.1       minqa_1.2.4      
[13] plyr_1.8.4        dplyr_0.7.8       grid_3.5.3        gtable_0.2.0     
[17] nlme_3.1-137      assertthat_0.2.0  lazyeval_0.2.1    tibble_2.0.1     
[21] numDeriv_2016.8-1 crayon_1.3.4      bindrcpp_0.2.2    purrr_0.2.5      
[25] nloptr_1.2.1      ggplot2_3.1.0     glue_1.3.0        compiler_3.5.3   
[29] pillar_1.3.1      scales_1.0.0      boot_1.3-20       pkgconfig_2.0.2  
Error: unexpected end of input
Execution halted
srun: error: wbn011: task 0: Exited with exit code 1
R finished.
