Executing R ...
Fitting model for P203_DataAnalysis.Rmd...
The corresponding *.out file is 4365145.out
Setting the current working directory...

Loading the libraries...
Loading required package: Matrix

Attaching package: ‘lmerTest’

The following object is masked from ‘package:lme4’:

    lmer

The following object is masked from ‘package:stats’:

    step


Loading the data file...

################################################################################
Fitting the lmm.etd.P1.E1 model...
start par. =  1 0 0 0 0 0 0 0 1 0 0 0 0 0 0 1 0 0 0 0 0 1 0 0 0 0 1 0 0 0 1 0 0 1 0 1 1 0 0 0 0 0 0 0 0 0 0 0 0 0 0 1 0 0 0 0 0 0 0 0 0 0 0 0 0 1 0 0 0 0 0 0 0 0 0 0 0 0 1 0 0 0 0 0 0 0 0 0 0 0 1 0 0 0 0 0 0 0 0 0 0 1 0 0 0 0 0 0 0 0 0 1 0 0 0 0 0 0 0 0 1 0 0 0 0 0 0 0 1 0 0 0 0 0 0 1 0 0 0 0 0 1 0 0 0 0 1 0 0 0 1 0 0 1 0 1 fn =  384869 
At return
eval: 74229 fn:      381774.55 par: 0.0321781 -0.0652418 0.0794080 -0.0685161 0.0200253 -0.165659 0.0448991 -0.350352 0.0901984 -0.0176901 0.116166 -0.0659075 0.0243025 -0.0415640 0.235609 0.0504890 -0.0971713 0.0270321 -0.0243471 0.0762092 -0.200812 0.0920711 0.0457214 -0.0203833 -0.00618194 0.181182  0.00000 0.0533108 -0.115768 0.0371333 3.47463e-05 -0.000139535 5.23109e-05 0.000207282 -6.14370e-05 2.80039e-05 0.347378 -0.0709616 -0.00945545 0.0233679 0.0601414 -0.0107943 -0.00931522 -0.0311563 -0.0215524 -0.100257 0.0275579 0.00973905 0.0197330 -0.00409652 -0.0493774 0.112203 0.0351324 0.0136334 0.00461457 -0.0305038 0.0893610 0.0201556 -0.00552062 -0.129949 0.0315155 0.0274744 -0.0251412 0.108945 -0.116981 0.0512720 0.0149812 -0.0357175 0.0128505 0.0405237 0.0318397 0.0302023 -0.107285 0.0760499 0.0464443 -0.0601902 0.0185168 -0.266035 0.0362213 0.0998450 0.0227040 -0.0580736 -0.000671658 -0.00713817 0.0602052 -0.0392741 0.0453548 -0.00271781 -0.151667 0.0357276 0.150846 -0.0499235 0.0208246 -0.0193493 -0.0347525 -0.0354637 -0.00761847 -0.0159646 0.0103468 -0.0848168 -0.0762872 0.0581358 0.0899733 0.0614761 -0.00243593 0.0164603 0.0863544 -0.0392176 0.0137180 0.0730741 0.0442084  0.00000 -0.000875623 0.0679745 -0.0412119 0.0350158 0.0480930 0.0305235 0.0177438 -0.270237 0.0232316 0.0239599 0.0723370 0.0774192 -0.0434949 -0.0676364 0.161670 0.165395 0.00984899 0.00329258 0.0125971 -0.0106975 -0.00171501 0.0696034 0.128416 0.00545066 0.00446519 -0.0108453 -0.00353047 0.0415031 0.104249 0.00109183 -0.00471478 0.000170222 0.0219488 0.0579289 0.000994374 -0.000195903 -0.00465206 -0.0129551  0.00000 -0.00156343 -0.00446549 3.56134e-05 0.000101784 1.10162e-06
boundary (singular) fit: see ?isSingular
Warning message:
Model failed to converge with 2 negative eigenvalues: -1.9e+01 -2.4e+04 

Saving the lmm.etd.P1.E1
R version 3.5.3 (2019-03-11)
Platform: x86_64-pc-linux-gnu (64-bit)
Running under: CentOS Linux 7 (Core)

Matrix products: default
BLAS/LAPACK: /scale_wlg_persistent/filesets/opt_nesi/CS400_centos7_bdw/imkl/2018.4.274-gimpi-2018b/compilers_and_libraries_2018.5.274/linux/mkl/lib/intel64_lin/libmkl_gf_lp64.so

locale:
 [1] LC_CTYPE=en_US.UTF-8       LC_NUMERIC=C              
 [3] LC_TIME=en_US.UTF-8        LC_COLLATE=en_US.UTF-8    
 [5] LC_MONETARY=en_US.UTF-8    LC_MESSAGES=en_US.UTF-8   
 [7] LC_PAPER=en_US.UTF-8       LC_NAME=C                 
 [9] LC_ADDRESS=C               LC_TELEPHONE=C            
[11] LC_MEASUREMENT=en_US.UTF-8 LC_IDENTIFICATION=C       

attached base packages:
[1] stats     graphics  grDevices utils     datasets  methods   base     

other attached packages:
[1] lmerTest_3.1-0 lme4_1.1-21    Matrix_1.2-16 

loaded via a namespace (and not attached):
 [1] Rcpp_1.0.0        magrittr_1.5      bindr_0.1.1       splines_3.5.3    
 [5] MASS_7.3-51.1     tidyselect_0.2.5  munsell_0.5.0     colorspace_1.4-0 
 [9] lattice_0.20-38   R6_2.4.0          rlang_0.3.1       minqa_1.2.4      
[13] plyr_1.8.4        dplyr_0.7.8       grid_3.5.3        gtable_0.2.0     
[17] nlme_3.1-137      assertthat_0.2.0  lazyeval_0.2.1    tibble_2.0.1     
[21] numDeriv_2016.8-1 crayon_1.3.4      bindrcpp_0.2.2    purrr_0.2.5      
[25] nloptr_1.2.1      ggplot2_3.1.0     glue_1.3.0        compiler_3.5.3   
[29] pillar_1.3.1      scales_1.0.0      boot_1.3-20       pkgconfig_2.0.2  
R finished.
