Executing R ...
Fitting model for P203_DataAnalysis.Rmd...
The corresponding *.out file is 4402017.out
Setting the current working directory...

Loading the libraries...
Loading required package: Matrix

Attaching package: ‘lmerTest’

The following object is masked from ‘package:lme4’:

    lmer

The following object is masked from ‘package:stats’:

    step


Loading the data file...

################################################################################
Fitting the lmm.etd1.P1.E1 model...
start par. =  1 0 0 0 0 1 0 0 0 1 0 0 1 0 1 1 0 0 0 0 0 0 0 0 1 0 0 0 0 0 0 0 1 0 0 0 0 0 0 1 0 0 0 0 0 1 0 0 0 0 1 0 0 0 1 0 0 1 0 1 fn =  383457.4 
At return
eval: 8660 fn:      381914.00 par: 0.0693009 0.0477936 0.0161834 0.0520636 0.176860 0.149752 -0.0383785 -0.0384656 0.206912  0.00000 0.119378 -0.0107989 0.00152861 2.08323e-05 0.000154023 0.341269 -0.0620921 0.0700709 0.00232749 -0.0900385 0.0612774 0.0131419 0.0544337 -0.0283400 0.108060 0.000595780 0.0532510 -0.0557647 0.0210217 -0.0279800 0.101975 -0.0360841 0.202166 -0.0161020 0.0522402 -0.0416967 -0.00182334 -0.132726 0.0557977 0.122366 -0.0644702 0.0516195 -0.0345275 0.0189710 -0.0827975 0.0619791 -0.0232242 -0.0695983 0.0844944 0.277910 0.113720 -0.0477991 0.184506 -0.00455797  0.00000 -0.0651195 -0.151870 0.0731121 0.170491 3.36966e-06
boundary (singular) fit: see ?isSingular
Warning message:
Model failed to converge with 2 negative eigenvalues: -8.0e-01 -7.1e+01 

Saving the lmm.etd1.P1.E1
R version 3.5.3 (2019-03-11)
Platform: x86_64-pc-linux-gnu (64-bit)
Running under: CentOS Linux 7 (Core)

Matrix products: default
BLAS/LAPACK: /scale_wlg_persistent/filesets/opt_nesi/CS400_centos7_bdw/imkl/2018.4.274-gimpi-2018b/compilers_and_libraries_2018.5.274/linux/mkl/lib/intel64_lin/libmkl_gf_lp64.so

locale:
 [1] LC_CTYPE=en_US.UTF-8       LC_NUMERIC=C              
 [3] LC_TIME=en_US.UTF-8        LC_COLLATE=en_US.UTF-8    
 [5] LC_MONETARY=en_US.UTF-8    LC_MESSAGES=en_US.UTF-8   
 [7] LC_PAPER=en_US.UTF-8       LC_NAME=C                 
 [9] LC_ADDRESS=C               LC_TELEPHONE=C            
[11] LC_MEASUREMENT=en_US.UTF-8 LC_IDENTIFICATION=C       

attached base packages:
[1] stats     graphics  grDevices utils     datasets  methods   base     

other attached packages:
[1] lmerTest_3.1-0 lme4_1.1-21    Matrix_1.2-16 

loaded via a namespace (and not attached):
 [1] Rcpp_1.0.0        magrittr_1.5      bindr_0.1.1       splines_3.5.3    
 [5] MASS_7.3-51.1     tidyselect_0.2.5  munsell_0.5.0     colorspace_1.4-0 
 [9] lattice_0.20-38   R6_2.4.0          rlang_0.3.1       minqa_1.2.4      
[13] plyr_1.8.4        dplyr_0.7.8       grid_3.5.3        gtable_0.2.0     
[17] nlme_3.1-137      assertthat_0.2.0  lazyeval_0.2.1    tibble_2.0.1     
[21] numDeriv_2016.8-1 crayon_1.3.4      bindrcpp_0.2.2    purrr_0.2.5      
[25] nloptr_1.2.1      ggplot2_3.1.0     glue_1.3.0        compiler_3.5.3   
[29] pillar_1.3.1      scales_1.0.0      boot_1.3-20       pkgconfig_2.0.2  
R finished.
