Executing R ...
Fitting model for P203_DataAnalysis.Rmd...
The corresponding *.out file is 4206567.out
Setting the current working directory...

Loading the libraries...
Loading required package: Matrix

Attaching package: ‘lmerTest’

The following object is masked from ‘package:lme4’:

    lmer

The following object is masked from ‘package:stats’:

    step


Loading the data file...

################################################################################
Fitting the lmm.zcp.N170.E1 model...
start par. =  1 1 1 1 1 1 1 1 1 1 1 1 1 1 1 1 1 1 1 1 1 1 1 1 1 1 1 1 1 1 1 1 1 1 1 1 1 1 1 1 1 1 1 1 1 1 1 1 fn =  392457.6 
At return
eval: 10272 fn:      387522.91 par: 9.52330e-07 8.49691e-07 7.45831e-07 0.160849 4.91087e-07 0.110632 0.126791 0.0273554 3.42945e-06 1.83786e-07 3.20428e-07 0.0997378 7.63127e-08 0.0380373 0.0465154 0.0257605 0.000150837 4.20475e-05 5.20106e-06 0.224142 0.201601 2.46096e-08 0.170522 9.99002e-06 0.165981 1.95703e-05 0.300303 0.0511888 0.0510673 0.185767 0.109204 0.0646030 9.26448e-08 0.0946177 0.123199 0.164804 0.266465 0.211915 0.148751 0.226753 0.128768 0.199802 0.299486 0.277227 0.301802 0.127383 0.256786 0.426618
boundary (singular) fit: see ?isSingular
Warning message:
Model failed to converge with 2 negative eigenvalues: -3.3e+02 -6.7e+03 

Saving the lmm.zcp.N170.E1
R version 3.5.3 (2019-03-11)
Platform: x86_64-pc-linux-gnu (64-bit)
Running under: CentOS Linux 7 (Core)

Matrix products: default
BLAS/LAPACK: /scale_wlg_persistent/filesets/opt_nesi/CS400_centos7_bdw/imkl/2018.4.274-gimpi-2018b/compilers_and_libraries_2018.5.274/linux/mkl/lib/intel64_lin/libmkl_gf_lp64.so

locale:
 [1] LC_CTYPE=en_US.UTF-8       LC_NUMERIC=C              
 [3] LC_TIME=en_US.UTF-8        LC_COLLATE=en_US.UTF-8    
 [5] LC_MONETARY=en_US.UTF-8    LC_MESSAGES=en_US.UTF-8   
 [7] LC_PAPER=en_US.UTF-8       LC_NAME=C                 
 [9] LC_ADDRESS=C               LC_TELEPHONE=C            
[11] LC_MEASUREMENT=en_US.UTF-8 LC_IDENTIFICATION=C       

attached base packages:
[1] stats     graphics  grDevices utils     datasets  methods   base     

other attached packages:
[1] lmerTest_3.1-0 lme4_1.1-21    Matrix_1.2-16 

loaded via a namespace (and not attached):
 [1] Rcpp_1.0.0        magrittr_1.5      bindr_0.1.1       splines_3.5.3    
 [5] MASS_7.3-51.1     tidyselect_0.2.5  munsell_0.5.0     colorspace_1.4-0 
 [9] lattice_0.20-38   R6_2.4.0          rlang_0.3.1       minqa_1.2.4      
[13] plyr_1.8.4        dplyr_0.7.8       grid_3.5.3        gtable_0.2.0     
[17] nlme_3.1-137      assertthat_0.2.0  lazyeval_0.2.1    tibble_2.0.1     
[21] numDeriv_2016.8-1 crayon_1.3.4      bindrcpp_0.2.2    purrr_0.2.5      
[25] nloptr_1.2.1      ggplot2_3.1.0     glue_1.3.0        compiler_3.5.3   
[29] pillar_1.3.1      scales_1.0.0      boot_1.3-20       pkgconfig_2.0.2  
Error: unexpected end of input
Execution halted
srun: error: wbn052: task 0: Exited with exit code 1
R finished.
