Executing R ...
Fitting model for P203_DataAnalysis.Rmd...
The corresponding *.out file is 4449252.out
Setting the current working directory...

Loading the libraries...
Loading required package: Matrix

Attaching package: ‘lmerTest’

The following object is masked from ‘package:lme4’:

    lmer

The following object is masked from ‘package:stats’:

    step


Loading the data file...

################################################################################
Fitting the lmm.max.P1.SC.E2 model...
start par. =  1 0 0 0 0 0 0 0 1 0 0 0 0 0 0 1 0 0 0 0 0 1 0 0 0 0 1 0 0 0 1 0 0 1 0 1 1 0 0 0 0 0 0 0 0 0 0 0 0 0 0 0 1 0 0 0 0 0 0 0 0 0 0 0 0 0 0 1 0 0 0 0 0 0 0 0 0 0 0 0 0 1 0 0 0 0 0 0 0 0 0 0 0 0 1 0 0 0 0 0 0 0 0 0 0 0 1 0 0 0 0 0 0 0 0 0 0 1 0 0 0 0 0 0 0 0 0 1 0 0 0 0 0 0 0 0 1 0 0 0 0 0 0 0 1 0 0 0 0 0 0 1 0 0 0 0 0 1 0 0 0 0 1 0 0 0 1 0 0 1 0 1 fn =  239237.8 
At return
eval: 12271 fn:      238121.02 par: 0.00190559 -0.116881 -0.272903 0.176558 0.184683 -0.0730924 0.144236 -0.222993 0.185366 -0.0477990 0.0577057 0.105369 -0.244136 -0.263867 -0.0190411 0.943967 -0.342492 0.318304 -0.111302 -0.000121478 -0.0936887 0.00616447 -0.0168843 -0.00932187 -0.0788212 -0.175759 0.0320864 -0.0835369 0.00145357 -0.0709704 0.975874 -0.707526 -0.439179 0.00142105 0.00284155 5.00614e-08 0.140563 0.100201 0.102368 -0.0866877 -0.241054 0.00906590 -0.126090 -0.334578 -0.0680317 -0.0690303 -0.0869984 -0.164824 -0.0228742 -0.0835316 0.265876 -0.319376 0.0350189 0.0255612 0.0245756 -0.101019 -0.0351954 -0.132893 0.117750 -0.153198 -0.100347 -0.170392 -0.0183925 -0.00401934 0.120072 0.101575 -0.323527 0.0120156 -0.122023 0.0612013 0.0497231 -0.000644948 -0.289449 -0.0385200 -0.350938 -0.148888 0.00791369 -0.0980404 -0.0597692 -0.0216703 -0.0711524 0.851915 -0.230453 0.0115346 -0.119557 -0.0645066 -0.0270724 -0.0393799 -0.0920061 0.0272164 -0.0980489 0.214600 -0.246573 -0.509976 0.690437 0.381644 -0.0267708 -0.0168138 -0.118694 -0.0553661 -0.329203 0.199219 -0.136120 -0.148317 -0.120017 -0.377514 0.696039 -0.0856460 0.0664654 -0.00467965 -0.0536185 0.0926786 -0.0506460 0.0415513 -0.0832873 0.132433 -0.275190 0.0420897 0.0547107 -0.0451082 -0.0606910 -0.0396642 0.00684177 -0.0118244 0.0655252 -0.125984 0.0955982 0.726749 -0.292723 0.131972 0.210618 -0.107265 0.0338227 0.138886 -0.0960449 0.0369066 0.155305 0.320508 -0.0719422 -0.0794155 -0.247947 -0.0175239 -0.0612985 -0.0735174 0.322080 0.0787560 -0.197698 0.0164359 -0.158920 0.0796428 0.0565931 0.838710 -0.348870 0.147532 0.0782024 0.00300613 0.0809196 0.357410 0.336545 0.0528288 -0.269666 -0.201085 0.690209 -0.111975 0.0445506 -0.0962194 0.623299 -0.386808 0.236525 0.431028 0.431050 7.26853e-05
boundary (singular) fit: see ?isSingular
Warning message:
Model failed to converge with 41 negative eigenvalues: -3.8e-05 -5.5e-05 -6.9e-05 -8.5e-05 -1.2e-04 -1.9e-04 -2.1e-04 -2.4e-04 -2.9e-04 -3.3e-04 -3.8e-04 -4.6e-04 -5.7e-04 -6.3e-04 -7.8e-04 -9.9e-04 -1.0e-03 -1.2e-03 -1.4e-03 -1.7e-03 -2.2e-03 -2.7e-03 -3.2e-03 -3.4e-03 -4.0e-03 -4.4e-03 -5.1e-03 -6.1e-03 -7.3e-03 -7.6e-03 -7.7e-03 -8.5e-03 -8.8e-03 -1.0e-02 -1.2e-02 -1.7e-02 -2.7e-02 -4.3e-02 -5.1e-02 -1.1e-01 -1.5e+01 

Saving the lmm.max.P1.SC.E2
R version 3.5.3 (2019-03-11)
Platform: x86_64-pc-linux-gnu (64-bit)
Running under: CentOS Linux 7 (Core)

Matrix products: default
BLAS/LAPACK: /scale_wlg_persistent/filesets/opt_nesi/CS400_centos7_bdw/imkl/2018.4.274-gimpi-2018b/compilers_and_libraries_2018.5.274/linux/mkl/lib/intel64_lin/libmkl_gf_lp64.so

locale:
 [1] LC_CTYPE=en_US.UTF-8       LC_NUMERIC=C              
 [3] LC_TIME=en_US.UTF-8        LC_COLLATE=en_US.UTF-8    
 [5] LC_MONETARY=en_US.UTF-8    LC_MESSAGES=en_US.UTF-8   
 [7] LC_PAPER=en_US.UTF-8       LC_NAME=C                 
 [9] LC_ADDRESS=C               LC_TELEPHONE=C            
[11] LC_MEASUREMENT=en_US.UTF-8 LC_IDENTIFICATION=C       

attached base packages:
[1] stats     graphics  grDevices utils     datasets  methods   base     

other attached packages:
[1] lmerTest_3.1-0 lme4_1.1-21    Matrix_1.2-16 

loaded via a namespace (and not attached):
 [1] Rcpp_1.0.0        magrittr_1.5      bindr_0.1.1       splines_3.5.3    
 [5] MASS_7.3-51.1     tidyselect_0.2.5  munsell_0.5.0     colorspace_1.4-0 
 [9] lattice_0.20-38   R6_2.4.0          rlang_0.3.1       minqa_1.2.4      
[13] plyr_1.8.4        dplyr_0.7.8       grid_3.5.3        gtable_0.2.0     
[17] nlme_3.1-137      assertthat_0.2.0  lazyeval_0.2.1    tibble_2.0.1     
[21] numDeriv_2016.8-1 crayon_1.3.4      bindrcpp_0.2.2    purrr_0.2.5      
[25] nloptr_1.2.1      ggplot2_3.1.0     glue_1.3.0        compiler_3.5.3   
[29] pillar_1.3.1      scales_1.0.0      boot_1.3-20       pkgconfig_2.0.2  
R finished.
