Executing R ...
Fitting model for P203_DataAnalysis.Rmd...
The corresponding *.out file is 4365200.out
Setting the current working directory...

Loading the libraries...
Loading required package: Matrix

Attaching package: ‘lmerTest’

The following object is masked from ‘package:lme4’:

    lmer

The following object is masked from ‘package:stats’:

    step


Loading the data file...

################################################################################
Fitting the lmm.etd.P1.E2 model...
start par. =  1 0 0 0 1 0 0 1 0 1 1 0 0 0 0 0 0 0 0 1 0 0 0 0 0 0 0 1 0 0 0 0 0 0 1 0 0 0 0 0 1 0 0 0 0 1 0 0 0 1 0 0 1 0 1 fn =  401178.2 
At return
eval: 14079 fn:      399196.45 par:  0.00000 -0.0522664 0.0352667 -0.0646462 0.0387490 0.0383879 0.0933191 0.0319039 0.0105052 0.109878 0.332550 0.00885689 -0.0174680 0.0619829 0.0577349 0.0772554 0.00677814 0.0227118 0.0265538 0.0825159 -0.0134190 -0.0195000 0.0149669 0.0204759 0.0303378 -0.0252750 -0.0125481 0.0442307 -0.0403811 0.137555 0.00356047 0.0236226 0.00773408 -0.0760246 0.117519 -0.0242401 0.00980110 0.0600737 -0.00719575 0.0269041 0.120352 0.00258205 -0.0155686 0.0294677 -0.00227173 0.0952075 0.0624143 0.0133355 0.0133802 0.105709 -0.0114013 0.0218840 0.0107266 0.0791536 0.000626206
boundary (singular) fit: see ?isSingular
Warning message:
Model failed to converge with 1 negative eigenvalue: -1.1e+04 

Saving the lmm.etd.P1.E2
R version 3.5.3 (2019-03-11)
Platform: x86_64-pc-linux-gnu (64-bit)
Running under: CentOS Linux 7 (Core)

Matrix products: default
BLAS/LAPACK: /scale_wlg_persistent/filesets/opt_nesi/CS400_centos7_bdw/imkl/2018.4.274-gimpi-2018b/compilers_and_libraries_2018.5.274/linux/mkl/lib/intel64_lin/libmkl_gf_lp64.so

locale:
 [1] LC_CTYPE=en_US.UTF-8       LC_NUMERIC=C              
 [3] LC_TIME=en_US.UTF-8        LC_COLLATE=en_US.UTF-8    
 [5] LC_MONETARY=en_US.UTF-8    LC_MESSAGES=en_US.UTF-8   
 [7] LC_PAPER=en_US.UTF-8       LC_NAME=C                 
 [9] LC_ADDRESS=C               LC_TELEPHONE=C            
[11] LC_MEASUREMENT=en_US.UTF-8 LC_IDENTIFICATION=C       

attached base packages:
[1] stats     graphics  grDevices utils     datasets  methods   base     

other attached packages:
[1] lmerTest_3.1-0 lme4_1.1-21    Matrix_1.2-16 

loaded via a namespace (and not attached):
 [1] Rcpp_1.0.0        magrittr_1.5      bindr_0.1.1       splines_3.5.3    
 [5] MASS_7.3-51.1     tidyselect_0.2.5  munsell_0.5.0     colorspace_1.4-0 
 [9] lattice_0.20-38   R6_2.4.0          rlang_0.3.1       minqa_1.2.4      
[13] plyr_1.8.4        dplyr_0.7.8       grid_3.5.3        gtable_0.2.0     
[17] nlme_3.1-137      assertthat_0.2.0  lazyeval_0.2.1    tibble_2.0.1     
[21] numDeriv_2016.8-1 crayon_1.3.4      bindrcpp_0.2.2    purrr_0.2.5      
[25] nloptr_1.2.1      ggplot2_3.1.0     glue_1.3.0        compiler_3.5.3   
[29] pillar_1.3.1      scales_1.0.0      boot_1.3-20       pkgconfig_2.0.2  
R finished.
