Executing R ...
Fitting model for P203_DataAnalysis.Rmd...
The corresponding *.out file is 4449253.out
Setting the current working directory...

Loading the libraries...
Loading required package: Matrix

Attaching package: ‘lmerTest’

The following object is masked from ‘package:lme4’:

    lmer

The following object is masked from ‘package:stats’:

    step


Loading the data file...

################################################################################
Fitting the lmm.max.N170.SC.E2 model...
start par. =  1 0 0 0 0 0 0 0 1 0 0 0 0 0 0 1 0 0 0 0 0 1 0 0 0 0 1 0 0 0 1 0 0 1 0 1 1 0 0 0 0 0 0 0 0 0 0 0 0 0 0 0 1 0 0 0 0 0 0 0 0 0 0 0 0 0 0 1 0 0 0 0 0 0 0 0 0 0 0 0 0 1 0 0 0 0 0 0 0 0 0 0 0 0 1 0 0 0 0 0 0 0 0 0 0 0 1 0 0 0 0 0 0 0 0 0 0 1 0 0 0 0 0 0 0 0 0 1 0 0 0 0 0 0 0 0 1 0 0 0 0 0 0 0 1 0 0 0 0 0 0 1 0 0 0 0 0 1 0 0 0 0 1 0 0 0 1 0 0 1 0 1 fn =  240652.1 
At return
eval: 7582 fn:      239666.35 par: 0.000170868 0.152380 -0.0575192 0.0983379 0.151849 -0.0464222 -0.370455 -0.176899 0.170812 -0.0823468 0.0895500 0.0386047 -0.246563 -0.350472 -0.268683  1.03324 -0.670621 -0.255016 -0.00782866 -0.0135731 -0.0309431 0.00954045 -0.0465141 -0.0226667 -0.00581004 -0.0392765 0.0859123 0.0206748 -0.0254430 -0.0236751 0.712949 -0.205471 0.302007 0.0290091 0.0580186 2.15411e-06 0.223236 -0.0629899 0.0154102 0.0560441 0.117377 0.242216 -0.0819343 -0.0457258 -0.0345304 -0.188936 -0.0819885 -0.0775120 -0.186397 0.0854542 0.0646414 -0.0981930 0.207766 -0.0207589 0.134198 -0.108985 0.0778614 0.0138898 -0.220022 -0.204482 0.188937 -0.0363387 -0.108107 -0.321737 -0.0412926 -0.0412601 -0.0478064 0.121414 0.00372124 -0.0939976 -0.0599635 -0.120818 -0.0133035 0.0178371 -0.101379 -0.244507 0.130952 0.116251 0.0157167 0.0324095 -0.190559 0.836336 -0.0786818 -0.00563803 -0.0285150 0.197835 -0.220703 0.0454983 -0.0408134 -0.0851505 -0.135626 -0.0222049 0.0176196 -0.135137 0.569013 0.0770044 -0.0378799 -0.0937885 -0.101327 -0.0327542 0.0644995 -0.0653415 -0.0972568 -0.148464 0.146945 -0.0584558 0.893712 0.00864476 -0.0760871 -0.0106187 -0.334982 0.109344 -0.0408000 -0.0247359 -0.0608308 0.0248719 -0.0488632 1.33282e-08 -0.0431552 -0.0537012 -0.0989359 0.0221483 -0.160601 0.0146885 0.0434000 0.0948249 -0.0917453 0.805326 -0.349450 -0.00549121 -0.0276115 -0.0140003 -0.0820600 -0.0463331 -0.117898 -0.142958 0.428269 0.495593 -0.0338003 -0.138869 -0.333209 -0.0471393 -0.0631184 -0.0779523 0.612828 -0.0875170 -0.0620441 -0.111631 -0.00213428 -0.0533806 -0.0704098 0.809989 -0.113697 0.0726456 -0.109885 -0.0803217 0.0256226 0.566599 0.238851 -0.0113878 -0.269823 0.163964 0.781871 0.162860 0.00729275 -0.189134 0.707939 -0.331609 0.0535250 0.607628 0.0896099 0.573957
boundary (singular) fit: see ?isSingular
Warning message:
Model failed to converge with 67 negative eigenvalues: -2.7e-05 -4.6e-05 -7.8e-05 -9.9e-05 -1.3e-04 -1.6e-04 -2.1e-04 -2.5e-04 -2.6e-04 -3.2e-04 -3.6e-04 -4.2e-04 -4.6e-04 -5.1e-04 -5.4e-04 -5.8e-04 -6.1e-04 -7.5e-04 -7.9e-04 -9.4e-04 -9.4e-04 -1.1e-03 -1.2e-03 -1.3e-03 -1.3e-03 -1.4e-03 -1.6e-03 -1.9e-03 -2.0e-03 -2.1e-03 -2.5e-03 -2.7e-03 -2.8e-03 -3.1e-03 -3.3e-03 -3.4e-03 -3.5e-03 -3.9e-03 -4.1e-03 -4.3e-03 -5.2e-03 -5.8e-03 -5.9e-03 -6.5e-03 -7.1e-03 -7.6e-03 -8.3e-03 -9.1e-03 -1.1e-02 -1.3e-02 -1.4e-02 -1.8e-02 -2.3e-02 -2.5e-02 -2.6e-02 -3.0e-02 -4.2e-02 -4.9e-02 -7.3e-02 -8.8e-02 -1.2e-01 -1.3e-01 -1.8e-01 -5.2e-01 -6.1e-01 -8.4e-01 -3.0e+01 

Saving the lmm.max.N170.SC.E2
R version 3.5.3 (2019-03-11)
Platform: x86_64-pc-linux-gnu (64-bit)
Running under: CentOS Linux 7 (Core)

Matrix products: default
BLAS/LAPACK: /scale_wlg_persistent/filesets/opt_nesi/CS400_centos7_bdw/imkl/2018.4.274-gimpi-2018b/compilers_and_libraries_2018.5.274/linux/mkl/lib/intel64_lin/libmkl_gf_lp64.so

locale:
 [1] LC_CTYPE=en_US.UTF-8       LC_NUMERIC=C              
 [3] LC_TIME=en_US.UTF-8        LC_COLLATE=en_US.UTF-8    
 [5] LC_MONETARY=en_US.UTF-8    LC_MESSAGES=en_US.UTF-8   
 [7] LC_PAPER=en_US.UTF-8       LC_NAME=C                 
 [9] LC_ADDRESS=C               LC_TELEPHONE=C            
[11] LC_MEASUREMENT=en_US.UTF-8 LC_IDENTIFICATION=C       

attached base packages:
[1] stats     graphics  grDevices utils     datasets  methods   base     

other attached packages:
[1] lmerTest_3.1-0 lme4_1.1-21    Matrix_1.2-16 

loaded via a namespace (and not attached):
 [1] Rcpp_1.0.0        magrittr_1.5      bindr_0.1.1       splines_3.5.3    
 [5] MASS_7.3-51.1     tidyselect_0.2.5  munsell_0.5.0     colorspace_1.4-0 
 [9] lattice_0.20-38   R6_2.4.0          rlang_0.3.1       minqa_1.2.4      
[13] plyr_1.8.4        dplyr_0.7.8       grid_3.5.3        gtable_0.2.0     
[17] nlme_3.1-137      assertthat_0.2.0  lazyeval_0.2.1    tibble_2.0.1     
[21] numDeriv_2016.8-1 crayon_1.3.4      bindrcpp_0.2.2    purrr_0.2.5      
[25] nloptr_1.2.1      ggplot2_3.1.0     glue_1.3.0        compiler_3.5.3   
[29] pillar_1.3.1      scales_1.0.0      boot_1.3-20       pkgconfig_2.0.2  
R finished.
