Executing R ...
Fitting model for P203_DataAnalysis.Rmd...
The corresponding *.out file is 4624136.out
Setting the current working directory...

Loading the libraries...
Loading required package: Matrix

Attaching package: ‘lmerTest’

The following object is masked from ‘package:lme4’:

    lmer

The following object is masked from ‘package:stats’:

    step


Loading the data file...

################################################################################
Fitting the lmm.max.N170.17.E2 model...
start par. =  1 0 0 0 0 0 1 0 0 0 0 1 0 0 0 1 0 0 1 0 1 1 0 0 0 0 0 0 0 0 0 0 1 0 0 0 0 0 0 0 0 0 1 0 0 0 0 0 0 0 0 1 0 0 0 0 0 0 0 1 0 0 0 0 0 0 1 0 0 0 0 0 1 0 0 0 0 1 0 0 0 1 0 0 1 0 1 fn =  192203.9 
At return
eval: 76629 fn:      190078.54 par: 0.0456337 0.00940727 -0.0298867 -0.0236363 -0.0213585 -0.0134100 0.0131421 -0.0946036 -0.0141615 -0.0140757 -0.00696834  0.00000 -0.0308400 -0.000793465 -0.00445378 0.0664572 0.00170921 0.00959769 7.17472e-08 -4.89958e-07 4.08932e-07 0.457424 -0.0354008 -0.0258980 -0.0160372 -0.0785218 0.0198584 0.0191995 0.0248058 0.0363987 -0.0166922 0.0667101 0.170414 0.121180 0.00507197 0.0395549 0.00855600 -0.0285414 0.216307 -0.205108 0.0307043 -0.0110383 0.311300 -0.0532791 0.0693631 0.0655625 -0.0379512 -0.0126933 -0.0363475 -0.0326052 0.166263 0.0352826 0.122502 -0.142573 0.0693926 -0.293386 0.0141288 0.0372066 -0.0855212 0.0788304 0.234743 0.0154689 -0.0394812 -0.126867 0.0145966 0.0257632 0.0476353 -0.00154991 0.0465104 -0.0911085 0.0187979 -0.000196425 0.0753790 -0.112156 -0.0468115 0.0554122 -0.0342533 0.00103239 -0.00271398 0.000763282 -0.000405180 1.71139e-05 -2.80252e-06 -4.34939e-06  0.00000 3.27315e-06 1.83210e-06
boundary (singular) fit: see ?isSingular
Warning message:
Model failed to converge with 2 negative eigenvalues: -4.0e-01 -7.0e-01 

Saving the lmm.max.N170.17.E2
R version 3.5.3 (2019-03-11)
Platform: x86_64-pc-linux-gnu (64-bit)
Running under: CentOS Linux 7 (Core)

Matrix products: default
BLAS/LAPACK: /scale_wlg_persistent/filesets/opt_nesi/CS400_centos7_bdw/imkl/2018.4.274-gimpi-2018b/compilers_and_libraries_2018.5.274/linux/mkl/lib/intel64_lin/libmkl_gf_lp64.so

locale:
 [1] LC_CTYPE=en_US.UTF-8       LC_NUMERIC=C              
 [3] LC_TIME=en_US.UTF-8        LC_COLLATE=en_US.UTF-8    
 [5] LC_MONETARY=en_US.UTF-8    LC_MESSAGES=en_US.UTF-8   
 [7] LC_PAPER=en_US.UTF-8       LC_NAME=C                 
 [9] LC_ADDRESS=C               LC_TELEPHONE=C            
[11] LC_MEASUREMENT=en_US.UTF-8 LC_IDENTIFICATION=C       

attached base packages:
[1] stats     graphics  grDevices utils     datasets  methods   base     

other attached packages:
[1] lmerTest_3.1-0 lme4_1.1-21    Matrix_1.2-16 

loaded via a namespace (and not attached):
 [1] Rcpp_1.0.0        magrittr_1.5      bindr_0.1.1       splines_3.5.3    
 [5] MASS_7.3-51.1     tidyselect_0.2.5  munsell_0.5.0     colorspace_1.4-0 
 [9] lattice_0.20-38   R6_2.4.0          rlang_0.3.1       minqa_1.2.4      
[13] plyr_1.8.4        dplyr_0.7.8       grid_3.5.3        gtable_0.2.0     
[17] nlme_3.1-137      assertthat_0.2.0  lazyeval_0.2.1    tibble_2.0.1     
[21] numDeriv_2016.8-1 crayon_1.3.4      bindrcpp_0.2.2    purrr_0.2.5      
[25] nloptr_1.2.1      ggplot2_3.1.0     glue_1.3.0        compiler_3.5.3   
[29] pillar_1.3.1      scales_1.0.0      boot_1.3-20       pkgconfig_2.0.2  
R finished.
