Executing R ...
Fitting model for P203_DataAnalysis.Rmd...
The corresponding *.out file is 4623597.out
Setting the current working directory...

Loading the libraries...
Loading required package: Matrix

Attaching package: ‘lmerTest’

The following object is masked from ‘package:lme4’:

    lmer

The following object is masked from ‘package:stats’:

    step


Loading the data file...

################################################################################
Fitting the lmm.max.P1.17.E2 model...
start par. =  1 0 0 0 0 0 1 0 0 0 0 1 0 0 0 1 0 0 1 0 1 1 0 0 0 0 0 0 0 0 0 0 1 0 0 0 0 0 0 0 0 0 1 0 0 0 0 0 0 0 0 1 0 0 0 0 0 0 0 1 0 0 0 0 0 0 1 0 0 0 0 0 1 0 0 0 0 1 0 0 0 1 0 0 1 0 1 fn =  191838.3 
At return
eval: 9555 fn:      189548.47 par: 0.0349904 0.00562669 -0.0458856 -0.0133809 0.00713490 -0.00201224  0.00000 0.0819169 -0.0279324 -0.00535138 0.00411273 0.0118983 0.0713222 -0.00769584 0.0307892 0.0423148 -0.00388426 0.0169487 7.62884e-07 -1.11488e-08 3.31390e-07 0.304382 -0.0297761 0.0644894 -0.0549478 -0.0182684 0.0190573 0.00412900 -0.0599449 0.0416335 0.00263733 -0.0158998 0.0562101 -0.0356982 0.0248180 0.00860723 -0.000272891 0.00744566 0.0451814 0.00122866 0.0117654 0.0236816 0.236482 0.0239656 0.0592844 0.0476501 0.0245152 -0.0425184 -0.0937701 -0.0106125 0.0192546 0.0655208 -0.0394584 -0.00231886 0.0342660 -0.0293685 -0.119740 -0.00703847 -0.0100729 0.0294145 0.0563088 -0.00223356 -0.00786668 -0.0730709 -0.00797891 0.0188070 0.0723962 0.00790529 -0.00631185 -0.103861 -0.00110509 -0.0116395 1.15668e-06 -6.03990e-06 -5.28291e-06 -1.26978e-06 6.01220e-06 3.04300e-08 -2.60906e-05 -2.12745e-07 -9.77572e-06  0.00000 7.55700e-07 -1.26492e-06  0.00000 3.16989e-06 1.98337e-07
boundary (singular) fit: see ?isSingular
Warning message:
Model failed to converge with 1 negative eigenvalue: -9.2e+00 

Saving the lmm.max.P1.17.E2
R version 3.5.3 (2019-03-11)
Platform: x86_64-pc-linux-gnu (64-bit)
Running under: CentOS Linux 7 (Core)

Matrix products: default
BLAS/LAPACK: /scale_wlg_persistent/filesets/opt_nesi/CS400_centos7_bdw/imkl/2018.4.274-gimpi-2018b/compilers_and_libraries_2018.5.274/linux/mkl/lib/intel64_lin/libmkl_gf_lp64.so

locale:
 [1] LC_CTYPE=en_US.UTF-8       LC_NUMERIC=C              
 [3] LC_TIME=en_US.UTF-8        LC_COLLATE=en_US.UTF-8    
 [5] LC_MONETARY=en_US.UTF-8    LC_MESSAGES=en_US.UTF-8   
 [7] LC_PAPER=en_US.UTF-8       LC_NAME=C                 
 [9] LC_ADDRESS=C               LC_TELEPHONE=C            
[11] LC_MEASUREMENT=en_US.UTF-8 LC_IDENTIFICATION=C       

attached base packages:
[1] stats     graphics  grDevices utils     datasets  methods   base     

other attached packages:
[1] lmerTest_3.1-0 lme4_1.1-21    Matrix_1.2-16 

loaded via a namespace (and not attached):
 [1] Rcpp_1.0.0        magrittr_1.5      bindr_0.1.1       splines_3.5.3    
 [5] MASS_7.3-51.1     tidyselect_0.2.5  munsell_0.5.0     colorspace_1.4-0 
 [9] lattice_0.20-38   R6_2.4.0          rlang_0.3.1       minqa_1.2.4      
[13] plyr_1.8.4        dplyr_0.7.8       grid_3.5.3        gtable_0.2.0     
[17] nlme_3.1-137      assertthat_0.2.0  lazyeval_0.2.1    tibble_2.0.1     
[21] numDeriv_2016.8-1 crayon_1.3.4      bindrcpp_0.2.2    purrr_0.2.5      
[25] nloptr_1.2.1      ggplot2_3.1.0     glue_1.3.0        compiler_3.5.3   
[29] pillar_1.3.1      scales_1.0.0      boot_1.3-20       pkgconfig_2.0.2  
R finished.
