Executing R ...
Fitting model for P203_DataAnalysis.Rmd...
The corresponding *.out file is 4340098.out
Setting the current working directory...

Loading the libraries...
Loading required package: Matrix

Attaching package: ‘lmerTest’

The following object is masked from ‘package:lme4’:

    lmer

The following object is masked from ‘package:stats’:

    step


Loading the data file...

################################################################################
Fitting the lmm.max.P1.E2 model...
start par. =  1 0 0 0 0 0 0 0 1 0 0 0 0 0 0 1 0 0 0 0 0 1 0 0 0 0 1 0 0 0 1 0 0 1 0 1 1 0 0 0 0 0 0 0 0 0 0 0 0 0 0 0 1 0 0 0 0 0 0 0 0 0 0 0 0 0 0 1 0 0 0 0 0 0 0 0 0 0 0 0 0 1 0 0 0 0 0 0 0 0 0 0 0 0 1 0 0 0 0 0 0 0 0 0 0 0 1 0 0 0 0 0 0 0 0 0 0 1 0 0 0 0 0 0 0 0 0 1 0 0 0 0 0 0 0 0 1 0 0 0 0 0 0 0 1 0 0 0 0 0 0 1 0 0 0 0 0 1 0 0 0 0 1 0 0 0 1 0 0 1 0 1 fn =  402878.3 
At return
eval: 43513 fn:      399144.57 par: 0.0293898 -0.0342024 0.0245102 0.00448779 -0.0727133 -0.0209082 0.000583218 -0.0486332  0.00000 -0.0570591 -0.00295283 -0.0698332 -0.00415442 -0.00660492 -0.0360444 0.0214377 0.00454276 -0.0818873 0.00961156 -0.00252772 -0.00349176 0.00192118 -0.0604994 0.00450471 -0.00280291 -0.00953116 0.000302803 -2.12020e-05 2.21540e-05 4.39614e-05 9.57097e-07 -4.07454e-07 4.21986e-06  0.00000 -2.44778e-06 8.18175e-07 0.332852 0.00883521 -0.0196956 0.0622591 0.0595432 0.102047 0.00672269 0.0279035 0.000719611 2.24910e-05 0.0225003 0.107959 -0.000465280 -0.0439032 0.00368171 0.0289940 0.0829176 -0.0142399 -0.0196326 0.0150173 0.0281982 0.0305315 -0.0238303 0.0213593 0.0148739 -0.0143456 0.0354360 -0.0334419 0.0423735 -0.0308383 -0.113056 0.0488682 -0.0390560 0.131794 -0.0137867 0.0201193 0.00551986 -0.00451771 0.0116071 -0.0662191 -0.0621273 -0.00620394 0.0464814 0.00180076 0.0536182 0.118185 -0.0268618 0.0149306 0.0583284 -0.00584539 0.000472230 -0.00103638 0.0296231 0.0257724 0.0208303 0.00704161 0.0103361 0.0523618 0.121424 -0.0108535 -0.0116254 0.0255506 -0.0233482 -0.0169860 -0.00166108 -0.0666700 0.0253790 0.0160549 -0.0412812 -0.0612955 0.106161 0.0641561 0.0138158 -0.0258507 -0.00332164 0.0134738 0.0368305 0.0728004 -0.0108282 -0.0149218 0.0370382 0.107802 -0.0106504 -0.00809961 0.000735791 0.0188900 -0.00105856 0.0119932 0.0139245 0.00225224 0.0265454  0.00000 -0.00172947 0.000630518 -0.00884649 0.00126016 0.000646488 -0.00356638 -0.00377422 -0.00506219 0.0175391 -0.00637271 0.0896559 -0.0127470 -0.00662324 0.0361796 0.0382537 0.0511261 7.91755e-06 -5.31420e-05 2.58827e-05 5.28439e-06 -1.97867e-05 -1.05823e-05 -1.17208e-06 3.98628e-05 -1.45433e-05 -5.57263e-07 7.52910e-06 1.91045e-05 2.29263e-05 5.21059e-08 -7.35345e-06 -3.21859e-06 -1.26618e-06 -3.24833e-05  0.00000 5.09076e-06 -2.41599e-06 -1.24290e-05 2.46517e-06 -1.84472e-06 -3.06859e-07 7.12857e-07 6.43515e-06 1.22740e-06
boundary (singular) fit: see ?isSingular
Warning message:
Model failed to converge with 3 negative eigenvalues: -2.4e+02 -6.6e+02 -1.1e+05 

Saving the lmm.max.P1.E2
R version 3.5.3 (2019-03-11)
Platform: x86_64-pc-linux-gnu (64-bit)
Running under: CentOS Linux 7 (Core)

Matrix products: default
BLAS/LAPACK: /scale_wlg_persistent/filesets/opt_nesi/CS400_centos7_bdw/imkl/2018.4.274-gimpi-2018b/compilers_and_libraries_2018.5.274/linux/mkl/lib/intel64_lin/libmkl_gf_lp64.so

locale:
 [1] LC_CTYPE=en_US.UTF-8       LC_NUMERIC=C              
 [3] LC_TIME=en_US.UTF-8        LC_COLLATE=en_US.UTF-8    
 [5] LC_MONETARY=en_US.UTF-8    LC_MESSAGES=en_US.UTF-8   
 [7] LC_PAPER=en_US.UTF-8       LC_NAME=C                 
 [9] LC_ADDRESS=C               LC_TELEPHONE=C            
[11] LC_MEASUREMENT=en_US.UTF-8 LC_IDENTIFICATION=C       

attached base packages:
[1] stats     graphics  grDevices utils     datasets  methods   base     

other attached packages:
[1] lmerTest_3.1-0 lme4_1.1-21    Matrix_1.2-16 

loaded via a namespace (and not attached):
 [1] Rcpp_1.0.0        magrittr_1.5      bindr_0.1.1       splines_3.5.3    
 [5] MASS_7.3-51.1     tidyselect_0.2.5  munsell_0.5.0     colorspace_1.4-0 
 [9] lattice_0.20-38   R6_2.4.0          rlang_0.3.1       minqa_1.2.4      
[13] plyr_1.8.4        dplyr_0.7.8       grid_3.5.3        gtable_0.2.0     
[17] nlme_3.1-137      assertthat_0.2.0  lazyeval_0.2.1    tibble_2.0.1     
[21] numDeriv_2016.8-1 crayon_1.3.4      bindrcpp_0.2.2    purrr_0.2.5      
[25] nloptr_1.2.1      ggplot2_3.1.0     glue_1.3.0        compiler_3.5.3   
[29] pillar_1.3.1      scales_1.0.0      boot_1.3-20       pkgconfig_2.0.2  
Error: unexpected symbol in "itting the"
Execution halted
srun: error: wbn070: task 0: Exited with exit code 1
R finished.
