Executing R ...
Fitting model for P203_DataAnalysis.Rmd...
The corresponding *.out file is 4498411.out
Setting the current working directory...

Loading the libraries...
Loading required package: Matrix

Attaching package: ‘lmerTest’

The following object is masked from ‘package:lme4’:

    lmer

The following object is masked from ‘package:stats’:

    step


Loading the data file...

################################################################################
Fitting the lmm.zcp.P1.SC.E2.step model...
start par. =  1 1 1 1 1 1 1 1 1 1 1 1 1 1 1 1 1 1 1 1 1 1 1 fn =  239206 
At return
eval: 3882 fn:      238137.88 par: 1.16396e-06 6.84671e-08 8.17263e-07 0.114598 0.0183521 2.33890e-07 3.38480e-07 0.00895827 1.36197e-05 3.34203e-05 3.75437e-05 0.328337 0.000295415 0.810475 4.50676e-06 3.32686e-07 0.405763 2.16262e-06  1.27691 0.0676735 0.0357901 0.0405733 0.00439502
boundary (singular) fit: see ?isSingular
start par. =  1 1 1 1 1 1 1 1 1 1 1 1 1 1 1 1 1 1 1 1 1 1 1 fn =  239201 
At return
eval: 2787 fn:      238137.88 par: 6.97429e-07 4.28586e-07 1.61807e-06 0.000490018 0.0146053 0.116084  0.00000 0.00946920 7.35580e-05 1.03256e-08 5.77427e-05 0.737446 0.00505583 0.497122 0.381612 0.0520236 0.0922033 4.22529e-07 0.00102566 0.00220267  1.27183 4.50445e-07 0.0450609
boundary (singular) fit: see ?isSingular
start par. =  1 1 1 1 1 1 1 1 1 1 1 1 1 1 1 1 1 1 1 1 1 1 1 fn =  239203.2 
At return
eval: 3476 fn:      238137.88 par: 1.29428e-06 6.57778e-07 2.65824e-07 0.0363659 0.0594069 0.000460292 4.67496e-08 0.00450217 1.14724e-06 8.50907e-07 2.04923e-06 0.677954 0.0770337 0.554655 0.121389 0.144152 0.0130970 1.38997e-06 0.168412 0.555918 0.619114 0.0646752 0.0116243
boundary (singular) fit: see ?isSingular
start par. =  1 1 1 1 1 1 1 1 1 1 1 1 1 1 1 1 1 1 1 1 1 1 1 fn =  239236.6 
At return
eval: 1377 fn:      238137.88 par: 2.99792e-07  0.00000 1.30465e-07 0.00436335 0.0131299 0.122699  0.00000 1.83689e-06 3.24517e-06 5.02391e-06 7.56159e-05 0.652362 0.197203 0.458133 0.231201 0.0243628 0.330031  0.00000 0.767608 0.474665 0.000624765 0.00356233 0.0998490
boundary (singular) fit: see ?isSingular
start par. =  1 1 1 1 1 1 1 1 1 1 1 1 1 1 1 1 1 1 1 1 1 1 1 fn =  239232.5 
At return
eval: 7017 fn:      238137.88 par: 4.19026e-07 2.65612e-06 8.20694e-07 0.000859105 6.40332e-05 0.00161654 7.90984e-08 0.0313850 4.52393e-05 0.000215302 8.43199e-08 0.360975 0.319609 0.502131 0.192264 0.0431920 0.347158  0.00000  1.25705 0.228518 0.000712895 3.29645e-05 0.0331136
boundary (singular) fit: see ?isSingular
start par. =  1 1 1 1 1 1 1 1 1 1 1 1 1 1 1 1 1 1 1 1 1 1 1 fn =  239236.6 
At return
eval: 1447 fn:      238137.88 par: 2.88145e-07 4.78799e-08 1.59753e-07 0.121661 0.00425754 0.00195441 2.14934e-08 0.00744099 2.68767e-07 5.68765e-05 8.91946e-06 0.657862 0.192823 0.444615 0.329511 0.00101959 0.226736 8.16847e-06 0.481421 0.763004 0.0271801 0.0176113 0.0937949
boundary (singular) fit: see ?isSingular
start par. =  1 1 1 1 1 1 1 1 1 1 1 1 1 1 1 1 1 1 1 1 1 1 1 fn =  239187 
At return
eval: 2616 fn:      238137.88 par: 3.87205e-09 1.78312e-07 2.20228e-08 0.0403615 0.00566781 0.118212  0.00000 0.00141413 4.24106e-06 5.68742e-05 5.70014e-06 0.494450 0.290249 0.456124 0.121393 0.0771563 0.293499 0.464368 0.543579 0.481898 0.00978115 0.0501638 0.0355046
boundary (singular) fit: see ?isSingular
start par. =  1 1 1 1 1 1 1 1 1 1 1 1 1 1 1 1 1 1 1 1 1 1 1 fn =  239236.5 
At return
eval: 1889 fn:      238137.88 par: 3.93663e-06  0.00000 5.39454e-07 0.000550746 0.00525769 0.121497 4.28664e-07 0.00746471 4.35490e-07 3.88231e-06 6.31576e-05 0.632756 0.0573709 0.586604 0.403129 0.0123282  0.00000 0.982412 0.0114825 0.807298 0.0457067 0.0107054 0.0451233
boundary (singular) fit: see ?isSingular
start par. =  1 1 1 1 1 1 1 1 1 1 1 1 1 1 1 1 1 1 1 1 1 1 1 fn =  239232.1 
At return
eval: 2455 fn:      238137.88 par: 6.57832e-07 6.94595e-07 2.41033e-06 0.0672076 0.0236905 0.0948679 2.86984e-08 0.000359299 5.24112e-05  0.00000 2.18668e-05 0.756128  0.00000 0.457110 0.239314 0.322496 1.82002e-08 0.552587 0.195239  1.08912 0.0254379 0.0151499 0.0192533
boundary (singular) fit: see ?isSingular
start par. =  1 1 1 1 1 1 1 1 1 1 1 1 1 1 1 1 1 1 1 1 1 1 1 fn =  239236.5 
At return
eval: 2262 fn:      238137.88 par: 2.33114e-09  0.00000  0.00000 0.0172083 0.0140986 0.120677  0.00000 0.00261722 6.39246e-05 2.50707e-05 4.79348e-07 0.000129689 0.298450 0.618643 0.0144871 0.392902 1.60291e-06 0.762007 0.175234 0.972890 0.0570201 0.0246755 3.47662e-06
boundary (singular) fit: see ?isSingular
start par. =  1 1 1 1 1 1 1 1 1 1 1 1 1 1 1 1 1 1 1 1 1 1 1 fn =  239236.5 
At return
eval: 2308 fn:      238137.88 par: 3.16575e-06 2.13063e-07 6.98047e-07 9.19097e-06 0.0536617 0.0651517 1.75572e-08 0.000186348 9.45879e-05 8.08388e-05 8.47398e-06 0.651269 0.0583688 0.278480 0.109539 0.198331 2.41232e-08 0.759100 0.292775 0.853010 0.148581 0.00215172 0.0141847
boundary (singular) fit: see ?isSingular
start par. =  1 1 1 1 1 1 1 1 1 1 1 1 1 1 1 1 1 1 1 1 1 1 1 fn =  239232.2 
At return
eval: 1931 fn:      238137.88 par: 4.01777e-07 7.47932e-08 4.84704e-07 0.125543 0.000776047 2.78466e-06  0.00000 6.33207e-06 8.82998e-06 2.39551e-06 0.000116127 0.832989 0.311687 0.208079 1.16344e-05 0.239700 4.40334e-08 0.711765 0.376918 0.755118 0.000445727 0.0633443 0.0174610
boundary (singular) fit: see ?isSingular
start par. =  1 1 1 1 1 1 1 1 1 1 1 1 1 1 1 1 1 1 1 1 1 1 1 fn =  239236.5 
At return
eval: 1203 fn:      238137.88 par: 1.06132e-06 2.63132e-07 6.79518e-06 0.0186736 0.0361896 0.100825  0.00000 0.000817445 3.64285e-06 6.75601e-07 1.47165e-07 0.144308 0.841204 0.255471 0.0240713 0.294689 1.91875e-07 0.906068 0.371013 0.527645 0.00241809 0.0256508 0.000236752
boundary (singular) fit: see ?isSingular
start par. =  1 1 1 1 1 1 1 1 1 1 1 1 1 1 1 1 1 1 1 1 1 1 1 fn =  239236.3 
At return
eval: 2199 fn:      238137.88 par: 1.07699e-07 1.39974e-07 1.08562e-06 0.0785637 0.0135611 0.0935772 3.79917e-08 0.00249084 2.47543e-06 3.90354e-05 0.675688 0.00135357 0.577633 0.392805 0.0175708 0.0970596 7.73930e-08 0.439429 0.00593609  1.20695 0.00695962 1.10871e-06 0.00193324
boundary (singular) fit: see ?isSingular
start par. =  1 1 1 1 1 1 1 1 1 1 1 1 1 1 1 1 1 1 1 1 1 1 1 fn =  239236.3 
At return
eval: 2199 fn:      238137.88 par: 1.07699e-07 1.39974e-07 1.08562e-06 0.0785637 0.0135611 0.0935772 3.79917e-08 0.00249084 2.47543e-06 3.90354e-05 0.675688 0.00135357 0.577633 0.392805 0.0175708 0.0970596 7.73930e-08 0.439429 0.00593609  1.20695 0.00695962 1.10871e-06 0.00193324
boundary (singular) fit: see ?isSingular
start par. =  1 1 1 1 1 1 1 1 1 1 1 1 1 1 1 1 1 1 1 1 1 1 1 fn =  239236.3 
At return
eval: 2199 fn:      238137.88 par: 1.07699e-07 1.39974e-07 1.08562e-06 0.0785637 0.0135611 0.0935772 3.79917e-08 0.00249084 2.47543e-06 3.90354e-05 0.675688 0.00135357 0.577633 0.392805 0.0175708 0.0970596 7.73930e-08 0.439429 0.00593609  1.20695 0.00695962 1.10871e-06 0.00193324
boundary (singular) fit: see ?isSingular
start par. =  1 1 1 1 1 1 1 1 1 1 1 1 1 1 1 1 1 1 1 1 1 1 1 fn =  239137.2 
At return
eval: 1618 fn:      238137.88 par: 3.22250e-07 5.84329e-07 4.20466e-07 0.000295451 0.000124157 0.125553  0.00000 9.49589e-08 2.17617e-07 4.77761e-05 0.298211 0.328499 0.474828 0.205405 0.122958 0.249531 1.57611e-06 0.623503 0.437830 0.700827 0.0530174 0.00106064 0.0143866
boundary (singular) fit: see ?isSingular
start par. =  1 1 1 1 1 1 1 1 1 1 1 1 1 1 1 1 1 1 1 1 1 1 1 fn =  239138.2 
At return
eval: 2100 fn:      238137.88 par:  0.00000  0.00000 8.44616e-07 0.0675912 0.00519785 0.104869 0.00236607 1.70394e-06 6.02754e-07 1.71785e-05 0.426051 0.191462 0.557545 0.0167128 0.171542 0.203142 4.95126e-07 0.604976 0.547726 0.289702 0.0974739 0.0188750 0.00151904
boundary (singular) fit: see ?isSingular
start par. =  1 1 1 1 1 1 1 1 1 1 1 1 1 1 1 1 1 1 1 1 1 1 1 fn =  239234.2 
At return
eval: 2902 fn:      238137.88 par: 1.07720e-06 2.66828e-08 1.70249e-06 0.110409 0.0223274  0.00000 0.00993591 5.81195e-07 3.53765e-07 5.07734e-05 0.736395 0.238850 0.143240 0.376919 5.71490e-07 0.151269  0.00000 0.450189 0.00598737  1.19714 0.00139152 0.000288644 0.0295479
boundary (singular) fit: see ?isSingular
start par. =  1 1 1 1 1 1 1 1 1 1 1 1 1 1 1 1 1 1 1 1 1 1 1 fn =  239222.2 
At return
eval: 2719 fn:      238137.88 par: 9.82545e-08 3.08592e-07 9.60138e-07 0.117009 0.00155378 1.89569e-08 0.0113742 3.16169e-05 2.98024e-05 5.91357e-05 0.587675 0.124673 0.314041 0.0983478 0.0391265 0.157904 1.81054e-06 0.910582 0.0484884 0.893608 0.133434 0.0881134 0.0283421
boundary (singular) fit: see ?isSingular
start par. =  1 1 1 1 1 1 1 1 1 1 1 1 1 1 1 1 1 1 1 1 1 1 1 fn =  239234.2 
At return
eval: 1469 fn:      238137.88 par: 2.16430e-06  0.00000  0.00000 0.0627659 0.00232638 3.69072e-08 5.62444e-08  0.00000 5.25679e-07 3.79354e-05 0.436706 0.275901 0.543908 0.0896936 0.000117083 0.385494 2.58946e-07 0.515247 0.101901  1.15882  0.00000 0.0227760 8.31337e-08
boundary (singular) fit: see ?isSingular
start par. =  1 1 1 1 1 1 1 1 1 1 1 1 1 1 1 1 1 1 1 1 1 1 1 fn =  239234.2 
At return
eval: 1942 fn:      238137.88 par: 5.93466e-07 2.55997e-07 0.0571144 0.00240393 0.106306  0.00000 0.00857948 2.01672e-07 2.11553e-07 5.59743e-07 0.520019 0.00143866 0.721523 0.273656 0.00144969 0.0169241 4.16211e-07  1.02090 0.0218461 0.774363 3.44209e-05 0.0749038 0.0195546
boundary (singular) fit: see ?isSingular
start par. =  1 1 1 1 1 1 1 1 1 1 1 1 1 1 1 1 1 1 1 1 1 1 1 fn =  239222.3 
At return
eval: 2756 fn:      238137.88 par: 3.69901e-06  0.00000 0.00389055 0.0594923 0.0236161  0.00000 0.00803680 5.58008e-06 0.000129899 9.23222e-05 0.253619 0.0136494 0.844762 0.241124 0.135791 0.181798 5.10484e-06 0.000241079 0.616810 0.327773 0.0277486 0.000184033 0.0359379
boundary (singular) fit: see ?isSingular
start par. =  1 1 1 1 1 1 1 1 1 1 1 1 1 1 1 1 1 1 1 1 1 1 1 fn =  239234.2 
At return
eval: 3410 fn:      238137.88 par:  0.00000 1.10512e-07 0.0231202 0.0617030 2.72399e-05  0.00000 0.000100908 9.87630e-05 3.05557e-06 1.83702e-05 0.0706050 0.269551 0.386417 0.0469608 0.0653366 0.214262 5.87263e-08 0.000708874 0.0169013  1.27693 0.147071 0.0789636 0.0339417
boundary (singular) fit: see ?isSingular
start par. =  1 1 1 1 1 1 1 1 1 1 1 1 1 1 1 1 1 1 1 1 1 1 1 fn =  239236.5 
At return
eval: 1203 fn:      238137.88 par: 1.06132e-06 2.63132e-07 6.79518e-06 0.0186736 0.0361896 0.100825  0.00000 0.000817445 3.64285e-06 6.75601e-07 1.47165e-07 0.144308 0.841204 0.255471 0.0240713 0.294689 1.91875e-07 0.906068 0.371013 0.527645 0.00241809 0.0256508 0.000236752
boundary (singular) fit: see ?isSingular
start par. =  1 1 1 1 1 1 1 1 1 1 1 1 1 1 1 1 1 1 1 1 1 1 fn =  239204.7 
At return
eval: 2043 fn:      238137.88 par: 1.63104e-06 1.50191e-07  0.00000 0.0973407 0.00153842 0.0724985  0.00000 0.00799676 9.66891e-05 4.30553e-05 7.05581e-07 0.226474 0.765379 0.271874 0.140908 0.0104176 1.17589e-08  1.19457 0.0180913 0.470842 0.00121812 0.0268242
boundary (singular) fit: see ?isSingular
start par. =  1 1 1 1 1 1 1 1 1 1 1 1 1 1 1 1 1 1 1 1 1 1 fn =  239199.7 
At return
eval: 3487 fn:      238137.88 par: 1.88156e-07 4.46962e-07 5.43845e-07 0.000479889 0.00675645 0.0979114 9.82264e-08 0.0193558  0.00000 0.000105299 0.000108907 0.0667362 0.879283 0.403520 0.00592055 0.0444900  0.00000 0.545373 0.0327648 0.713786 3.63528e-07 0.228961
boundary (singular) fit: see ?isSingular
start par. =  1 1 1 1 1 1 1 1 1 1 1 1 1 1 1 1 1 1 1 1 1 1 fn =  239198.8 
At return
eval: 2710 fn:      238137.88 par: 7.39190e-07 3.39741e-07 2.97519e-06 0.00394098 0.000281911 0.106900 8.29672e-08 0.0164322 5.53625e-07 7.20164e-08 0.000162403 0.0489366 0.883983 0.403797 0.00634973 0.0405913 9.77651e-08 0.00348152 0.130627  1.25765 0.00247411 0.000711053
boundary (singular) fit: see ?isSingular
start par. =  1 1 1 1 1 1 1 1 1 1 1 1 1 1 1 1 1 1 1 1 1 1 fn =  239235.3 
At return
eval: 1408 fn:      238137.88 par: 4.19005e-06  0.00000  0.00000 0.116353 0.00797858 0.0252318  0.00000 0.00913240  0.00000 4.30954e-05 1.30471e-05 0.00187920 0.670710 0.367397 0.0857692 0.0233212  0.00000  1.05648 0.365323 0.146023 1.06077e-05 1.08814e-05
boundary (singular) fit: see ?isSingular
start par. =  1 1 1 1 1 1 1 1 1 1 1 1 1 1 1 1 1 1 1 1 1 1 fn =  239231.2 
At return
eval: 2542 fn:      238137.88 par: 6.71037e-07 1.30232e-07 2.65305e-06 0.110993 0.0278088 0.0184019 5.44835e-08 0.000880924 6.82381e-05 1.58231e-05 5.51840e-05 0.146713 0.831049 0.391918 0.0203218 0.0196642 2.82317e-08 0.000251938 0.261291 0.0298508 0.0241261 0.314413
boundary (singular) fit: see ?isSingular
start par. =  1 1 1 1 1 1 1 1 1 1 1 1 1 1 1 1 1 1 1 1 1 1 fn =  239235.3 
At return
eval: 1787 fn:      238137.88 par:  0.00000 3.15384e-07 2.93565e-06 0.124099 4.09593e-05 0.0189744 8.95908e-08 0.000439732 9.44108e-08 1.01936e-07 0.000104292 0.00728920 0.887454 0.380407 0.0160661 0.138615 6.25455e-08 0.523301 0.743733 0.0142099 2.94579e-07 0.00944708
boundary (singular) fit: see ?isSingular
start par. =  1 1 1 1 1 1 1 1 1 1 1 1 1 1 1 1 1 1 1 1 1 1 fn =  239185.7 
At return
eval: 2073 fn:      238137.88 par: 4.35321e-06 2.55620e-07 1.56179e-06 6.52698e-05 0.0550204 0.0604530 1.55483e-07 3.70155e-05 0.000185688 7.40792e-05 1.58109e-05 0.422903 0.275009 0.0945487 0.146878 0.264044 0.361828 0.534690 0.608598 8.18039e-06 5.76483e-05 0.0179006
boundary (singular) fit: see ?isSingular
start par. =  1 1 1 1 1 1 1 1 1 1 1 1 1 1 1 1 1 1 1 1 1 1 fn =  239235.2 
At return
eval: 2705 fn:      238137.88 par: 7.44933e-07 2.71250e-08 2.05720e-07 0.0103488 0.0365027 0.0930104  0.00000 0.0102346 1.93722e-07 4.66765e-07 4.93598e-05 0.389001 0.377050 0.275173 0.130679  0.00000 0.697272 4.22674e-07  1.05360 0.0521820 0.0361642 0.0579348
boundary (singular) fit: see ?isSingular
start par. =  1 1 1 1 1 1 1 1 1 1 1 1 1 1 1 1 1 1 1 1 1 1 fn =  239230.8 
At return
eval: 3352 fn:      238137.88 par: 6.89943e-07 1.16554e-06 3.05995e-08 0.0921146 0.00272841 0.0552014  0.00000 0.0162050 2.22295e-06 3.66529e-05 2.09667e-07 0.00638808 0.888858  0.00000 0.405725 9.49409e-09  1.00984 0.336869 0.413319 0.00725807 0.00459083 0.0186112
boundary (singular) fit: see ?isSingular
start par. =  1 1 1 1 1 1 1 1 1 1 1 1 1 1 1 1 1 1 1 1 1 1 fn =  239235.2 
At return
eval: 4529 fn:      238137.88 par: 9.02203e-07 1.94914e-07 1.58891e-06 0.0459244 0.0102918 0.0305631 1.28635e-07 0.0277228 0.000103514 2.08617e-05 0.000192889 0.325650 0.580540 0.192797 0.000132648 4.08175e-07 0.992761 0.251991 0.640619 0.0431635 0.0318908 0.000287057
boundary (singular) fit: see ?isSingular
start par. =  1 1 1 1 1 1 1 1 1 1 1 1 1 1 1 1 1 1 1 1 1 1 fn =  239235.2 
At return
eval: 1739 fn:      238137.88 par: 1.57892e-07 4.61342e-08 1.61811e-06 0.00548742 0.0225908 0.117013  0.00000 7.45051e-05 9.07113e-06 1.21287e-07 5.34628e-05 0.444698 0.222011 0.0284071 0.335305 8.49548e-08 0.443873 0.549577 0.494705 2.56572e-07 0.000706497 0.000784806
boundary (singular) fit: see ?isSingular
start par. =  1 1 1 1 1 1 1 1 1 1 1 1 1 1 1 1 1 1 1 1 1 1 fn =  239230.7 
At return
eval: 6290 fn:      238137.88 par: 2.76231e-07 1.41718e-07 2.54530e-06 0.00498585 0.000125863 0.00188534 8.29839e-08 0.0313601 4.28819e-05 0.000193774 2.59465e-05 0.886138 0.219784 0.0425521 0.330704 1.22778e-06  1.01331 0.0626419 0.779220 0.0189045 0.00154588 0.00532413
boundary (singular) fit: see ?isSingular
start par. =  1 1 1 1 1 1 1 1 1 1 1 1 1 1 1 1 1 1 1 1 1 1 fn =  239235 
At return
eval: 2351 fn:      238137.88 par: 3.13161e-07 4.94836e-07 1.49887e-06 0.103019 0.0191970 0.0590210  0.00000 0.00347765 3.57229e-05 7.28606e-06 0.279001 0.479370 0.311595 4.55677e-05 0.253370  0.00000 0.708571 0.480866 0.430423 0.124968 0.0151310 0.0485459
boundary (singular) fit: see ?isSingular
start par. =  1 1 1 1 1 1 1 1 1 1 1 1 1 1 1 1 1 1 1 1 1 1 fn =  239235 
At return
eval: 2351 fn:      238137.88 par: 3.13161e-07 4.94836e-07 1.49887e-06 0.103019 0.0191970 0.0590210  0.00000 0.00347765 3.57229e-05 7.28606e-06 0.279001 0.479370 0.311595 4.55677e-05 0.253370  0.00000 0.708571 0.480866 0.430423 0.124968 0.0151310 0.0485459
boundary (singular) fit: see ?isSingular
start par. =  1 1 1 1 1 1 1 1 1 1 1 1 1 1 1 1 1 1 1 1 1 1 fn =  239235 
At return
eval: 2351 fn:      238137.88 par: 3.13161e-07 4.94836e-07 1.49887e-06 0.103019 0.0191970 0.0590210  0.00000 0.00347765 3.57229e-05 7.28606e-06 0.279001 0.479370 0.311595 4.55677e-05 0.253370  0.00000 0.708571 0.480866 0.430423 0.124968 0.0151310 0.0485459
boundary (singular) fit: see ?isSingular
start par. =  1 1 1 1 1 1 1 1 1 1 1 1 1 1 1 1 1 1 1 1 1 1 fn =  239135.9 
At return
eval: 1385 fn:      238137.88 par: 2.69432e-06  0.00000 1.06996e-08 0.115787 0.000191282 0.0485476  0.00000  0.00000 6.36248e-07 6.67572e-05 0.248674 0.691341 0.000494539 0.0922779 0.324045  0.00000  1.02250 0.239090 0.612992 0.0640966 0.0402227 1.27579e-05
boundary (singular) fit: see ?isSingular
start par. =  1 1 1 1 1 1 1 1 1 1 1 1 1 1 1 1 1 1 1 1 1 1 fn =  239136.9 
At return
eval: 1486 fn:      238137.88 par: 4.15542e-07 1.57473e-07  0.00000 8.32783e-07 0.0521230 0.0699286 0.000636380 1.82086e-06 2.77995e-08  0.00000 0.0626134 0.880535 0.160985 0.0307941 0.365110 1.66785e-06 0.545738 0.348718 0.538207 4.60911e-05 0.0110014 0.189741
boundary (singular) fit: see ?isSingular
start par. =  1 1 1 1 1 1 1 1 1 1 1 1 1 1 1 1 1 1 1 1 1 1 fn =  239232.9 
At return
eval: 3381 fn:      238137.88 par: 5.86010e-07 1.15129e-06 3.39409e-08 0.00351032 0.0627523 2.47102e-07 2.13588e-05 9.79795e-08 0.000206989 5.27358e-05 0.0756211 0.876462 0.347481 0.0600227 0.130818 1.98791e-07 0.000218311 0.432416 0.000399223 2.10409e-05 0.0281577 0.237436
boundary (singular) fit: see ?isSingular
start par. =  1 1 1 1 1 1 1 1 1 1 1 1 1 1 1 1 1 1 1 1 1 1 fn =  239220.9 
At return
eval: 1528 fn:      238137.88 par: 4.21914e-07  0.00000 1.84176e-06 0.0151639 0.124481 4.15874e-07 0.00154744 1.70574e-06 6.80379e-05 2.11226e-07 0.424316 0.192759 0.273846 0.0324722 1.79688e-06 1.45624e-06 0.680723 0.541894 0.109833 0.0458846 0.0732053 0.000471382
boundary (singular) fit: see ?isSingular
start par. =  1 1 1 1 1 1 1 1 1 1 1 1 1 1 1 1 1 1 1 1 1 1 fn =  239232.9 
At return
eval: 3078 fn:      238137.88 par:  0.00000 1.30479e-06 4.90697e-06 0.0505790 0.0533890 5.69630e-08 0.0129434 2.63508e-07 0.000130324 4.70117e-07 0.231598 0.759217 0.0392174 0.0174079 0.402136 2.87875e-06  1.14314 0.0899526 0.533089 0.00191733 0.00555433 0.0408875
boundary (singular) fit: see ?isSingular
start par. =  1 1 1 1 1 1 1 1 1 1 1 1 1 1 1 1 1 1 1 1 1 1 fn =  239232.9 
At return
eval: 2000 fn:      238137.88 par: 2.51041e-07 1.38012e-07 0.120675 0.00866344 0.0291322  0.00000 0.00180963 2.84941e-06 0.000134776 0.000114412 0.440284 0.124946 0.240766 0.0205315 0.00511053  0.00000 0.198657 0.502259 0.775545 0.000656199 0.0811140 4.05814e-06
boundary (singular) fit: see ?isSingular
start par. =  1 1 1 1 1 1 1 1 1 1 1 1 1 1 1 1 1 1 1 1 1 1 fn =  239221 
At return
eval: 2504 fn:      238137.88 par: 1.76218e-07 7.27297e-08 0.0765770 0.0481427 1.00423e-06 5.21456e-08 0.00626926 0.000103632 1.57452e-07 8.80959e-06 0.000102321 0.230889 0.194533 0.0900459 0.00239698 7.71831e-07  1.01134 0.307019 0.000688990 0.214728 0.0769209 0.125021
boundary (singular) fit: see ?isSingular
start par. =  1 1 1 1 1 1 1 1 1 1 1 1 1 1 1 1 1 1 1 1 1 1 fn =  239232.9 
At return
eval: 1890 fn:      238137.88 par: 4.32740e-07 9.70311e-07 0.115592 0.000781884 0.0489814  0.00000 0.000155131 6.08336e-06 4.13620e-09 2.57817e-05 0.348779 0.509226 0.350151 0.0861033 0.0715544 1.66826e-06 0.663067 0.412804 0.594257 0.0531073 0.0217552 0.104747
boundary (singular) fit: see ?isSingular
start par. =  1 1 1 1 1 1 1 1 1 1 1 1 1 1 1 1 1 1 1 1 1 1 fn =  239136.9 
At return
eval: 1486 fn:      238137.88 par: 4.15542e-07 1.57473e-07  0.00000 8.32783e-07 0.0521230 0.0699286 0.000636380 1.82086e-06 2.77995e-08  0.00000 0.0626134 0.880535 0.160985 0.0307941 0.365110 1.66785e-06 0.545738 0.348718 0.538207 4.60911e-05 0.0110014 0.189741
boundary (singular) fit: see ?isSingular
start par. =  1 1 1 1 1 1 1 1 1 1 1 1 1 1 1 1 1 1 1 1 1 fn =  239105.1 
At return
eval: 2219 fn:      238137.88 par:  0.00000  0.00000  0.00000 0.0798105 4.36385e-05 0.0969228  0.00000  0.00000  0.00000  0.00000 0.157859 0.427557 0.000340800  0.00000 0.406145 2.06398e-06 0.394967 0.528194 0.614810 0.178280 5.78943e-07
boundary (singular) fit: see ?isSingular
start par. =  1 1 1 1 1 1 1 1 1 1 1 1 1 1 1 1 1 1 1 1 1 fn =  239100.1 
At return
eval: 1456 fn:      238137.88 par: 5.94253e-08  0.00000  0.00000 0.0379448 0.00281730 0.119501 0.000856627 3.39915e-07 1.29570e-07 2.54097e-05 0.347030 0.554979 0.405219 0.00136832 0.0272582  0.00000 0.480657 0.270186 0.673071 0.00899719 0.205231
boundary (singular) fit: see ?isSingular
start par. =  1 1 1 1 1 1 1 1 1 1 1 1 1 1 1 1 1 1 1 1 1 fn =  239099.1 
At return
eval: 2637 fn:      238137.88 par: 6.72582e-07 3.63585e-08  0.00000 1.95132e-05 0.000368215 0.0923760 0.0212571 1.66775e-07 0.000128525 4.47237e-06 0.0870493 0.872177 0.222753 0.153963 0.000277923 2.35558e-06  1.19629 0.116114 0.406061 0.0358091 0.000283658
boundary (singular) fit: see ?isSingular
start par. =  1 1 1 1 1 1 1 1 1 1 1 1 1 1 1 1 1 1 1 1 1 fn =  239135.6 
At return
eval: 1177 fn:      238137.88 par: 1.34883e-06  0.00000 1.75669e-06 0.0813155 0.00729464 0.0945449 5.76666e-07 7.43254e-07 2.51953e-08 6.36473e-08 0.406342 0.361349 0.00571303 0.177000 0.199007 3.24792e-07  1.24712 0.153837  0.00000 0.000124136 6.24769e-07
boundary (singular) fit: see ?isSingular
start par. =  1 1 1 1 1 1 1 1 1 1 1 1 1 1 1 1 1 1 1 1 1 fn =  239131.5 
At return
eval: 2312 fn:      238137.88 par:  0.00000  0.00000 5.16012e-07 0.0486814 0.0578581 0.00178337 0.000157459 9.40266e-07 1.23130e-05 0.000126936 0.00109936 0.867498 0.373168 0.0629135 1.39220e-05 3.91796e-07 0.848765 0.964161 0.0490317 0.0248407 1.24025e-05
boundary (singular) fit: see ?isSingular
start par. =  1 1 1 1 1 1 1 1 1 1 1 1 1 1 1 1 1 1 1 1 1 fn =  239135.6 
At return
eval: 3864 fn:      238137.88 par: 3.33620e-07 1.54251e-07 4.19756e-07 0.00130754 0.000420751 0.0652736 0.0268103 7.04263e-06 0.000195791 2.62861e-06 0.394731 0.0672262 0.329968 0.0227697 0.228522 5.05510e-06 0.000199714  1.28353 0.101005 0.0105270 0.0125990
boundary (singular) fit: see ?isSingular
start par. =  1 1 1 1 1 1 1 1 1 1 1 1 1 1 1 1 1 1 1 1 1 fn =  239086 
At return
eval: 1150 fn:      238137.88 par: 2.75191e-07 9.80020e-08  0.00000 0.0534239 0.00669430 0.112676 0.00146513 1.30556e-06 4.37194e-08 7.46705e-07 0.00514645 0.856852 0.389188 0.0306508 0.0946966  1.00391 0.130105 0.757913 0.0595438 0.00688293  0.00000
some theta parameters on the boundary, restarting
start par. =  2.751911e-07 9.800203e-08 0 0.05342385 0.0066943 0.1126765 0.00146513 1.305556e-06 4.371945e-08 7.467053e-07 0.005146449 0.8568521 0.3891876 0.03065076 0.09469664 1.003914 0.1301049 0.7579128 0.05954377 0.006882928 0 fn =  238137.9 
At return
eval: 907 fn:      238137.88 par:  0.00000  0.00000 8.83130e-07 0.0953619 0.00665255 0.0789101 0.00407723 4.13920e-06 1.74745e-05 1.65590e-08 0.160778 0.805493 0.320460 0.109411 0.103842 0.972086 0.162390 0.768649 0.0492603 0.0149852 0.0233093
boundary (singular) fit: see ?isSingular
start par. =  1 1 1 1 1 1 1 1 1 1 1 1 1 1 1 1 1 1 1 1 1 fn =  239135.5 
At return
eval: 1730 fn:      238137.88 par:  0.00000  0.00000 5.85531e-11 0.117675 0.00920330 0.0397150 2.46453e-05 4.42859e-06 3.14444e-06 1.56813e-05  0.00000 0.861575 0.381996 0.000614897  0.00000  1.06038 0.0348323 0.711462 0.0551721 0.0344871 0.0301362
boundary (singular) fit: see ?isSingular
start par. =  1 1 1 1 1 1 1 1 1 1 1 1 1 1 1 1 1 1 1 1 1 fn =  239131.1 
At return
eval: 2035 fn:      238137.88 par: 2.62973e-06  0.00000  0.00000 0.0547503 0.0480936 0.0550182 0.00551742 1.44392e-05 5.18880e-05 1.50216e-06 0.0635120 0.880265 7.99923e-05 0.402291 9.83425e-08 0.718492 0.391004 0.722646 0.000463486 0.0139513 6.56504e-07
boundary (singular) fit: see ?isSingular
start par. =  1 1 1 1 1 1 1 1 1 1 1 1 1 1 1 1 1 1 1 1 1 fn =  239135.5 
At return
eval: 2647 fn:      238137.88 par:  0.00000 7.79211e-07 1.14587e-07 0.0286927 0.0380547 0.0911362 0.00725414 1.55868e-07 6.10993e-08 7.80959e-05 0.0267666 0.870445 0.0826432 4.46959e-05 3.22640e-06 0.427055 0.457729 0.000682380 0.0436380 0.0927474 0.198359
boundary (singular) fit: see ?isSingular
start par. =  1 1 1 1 1 1 1 1 1 1 1 1 1 1 1 1 1 1 1 1 1 fn =  239135.5 
At return
eval: 2521 fn:      238137.88 par: 5.05329e-07 3.10692e-07 1.60498e-06 0.000949561 0.0623088 0.0150015 0.000715494 0.000107409 1.68247e-06 6.36526e-05 1.68630e-06 0.321281 0.123989 0.000127249 2.48903e-07  1.05538 0.0374394 0.726576 0.222349 0.00388985 0.0124074
boundary (singular) fit: see ?isSingular
start par. =  1 1 1 1 1 1 1 1 1 1 1 1 1 1 1 1 1 1 1 1 1 fn =  239131 
At return
eval: 2076 fn:      238137.88 par:  0.00000  0.00000  0.00000 0.0526572 0.0156253 0.109573 0.000707288 8.61104e-06 1.52735e-06 8.70556e-06 0.109379 0.0175357 0.190868 0.137387  0.00000 0.800711 0.218776 0.901829 0.220661 0.00172985 0.0159972
boundary (singular) fit: see ?isSingular
start par. =  1 1 1 1 1 1 1 1 1 1 1 1 1 1 1 1 1 1 1 1 1 fn =  239135.3 
At return
eval: 2095 fn:      238137.88 par: 4.39973e-10 3.11614e-08  0.00000 0.0533506 8.30957e-05 0.113655 0.000126528 3.16482e-05 5.86801e-05 0.400955 0.0206683 0.000160391 0.000569163 0.405619 1.36991e-07 0.775235 0.189365 0.951577 0.0960307 0.00514279 0.000104153
boundary (singular) fit: see ?isSingular
start par. =  1 1 1 1 1 1 1 1 1 1 1 1 1 1 1 1 1 1 1 1 1 fn =  239135.3 
At return
eval: 2095 fn:      238137.88 par: 4.39973e-10 3.11614e-08  0.00000 0.0533506 8.30957e-05 0.113655 0.000126528 3.16482e-05 5.86801e-05 0.400955 0.0206683 0.000160391 0.000569163 0.405619 1.36991e-07 0.775235 0.189365 0.951577 0.0960307 0.00514279 0.000104153
boundary (singular) fit: see ?isSingular
start par. =  1 1 1 1 1 1 1 1 1 1 1 1 1 1 1 1 1 1 1 1 1 fn =  239135.3 
At return
eval: 2095 fn:      238137.88 par: 4.39973e-10 3.11614e-08  0.00000 0.0533506 8.30957e-05 0.113655 0.000126528 3.16482e-05 5.86801e-05 0.400955 0.0206683 0.000160391 0.000569163 0.405619 1.36991e-07 0.775235 0.189365 0.951577 0.0960307 0.00514279 0.000104153
boundary (singular) fit: see ?isSingular
start par. =  1 1 1 1 1 1 1 1 1 1 1 1 1 1 1 1 1 1 1 1 1 fn =  239036.2 
At return
eval: 1258 fn:      238137.88 par: 3.45675e-07 2.07422e-10  0.00000 0.00327296 0.0126239 0.122945 1.14709e-05 1.58213e-07 3.52295e-06 0.0600303 0.881260 6.31838e-05 0.203047 0.00384821 1.14023e-07 0.930189 0.0564010 0.846634 0.000206368 0.00125681 0.0587427
boundary (singular) fit: see ?isSingular
start par. =  1 1 1 1 1 1 1 1 1 1 1 1 1 1 1 1 1 1 1 1 1 fn =  239133.2 
At return
eval: 3358 fn:      238137.88 par: 9.89060e-08  0.00000 3.71534e-06 0.110588 0.00892564 0.0141761 3.94208e-05 5.65144e-05 8.14174e-05 0.0493668 0.833498 0.342804 0.108903  0.00000 3.21835e-07 0.677167 0.00251381  1.09153 0.0735468 6.70123e-07 4.61138e-07
boundary (singular) fit: see ?isSingular
start par. =  1 1 1 1 1 1 1 1 1 1 1 1 1 1 1 1 1 1 1 1 1 fn =  239121.3 
At return
eval: 1333 fn:      238137.88 par: 1.85075e-07  0.00000 3.78657e-07 0.00258635 0.125527 2.99254e-07 2.07293e-05 1.51632e-06 9.03339e-07 0.416050 0.0636842 0.332257 1.56689e-05 0.233576 4.91405e-07  1.21626 0.104018 0.332457 0.0768819 1.69567e-05 0.0324542
boundary (singular) fit: see ?isSingular
start par. =  1 1 1 1 1 1 1 1 1 1 1 1 1 1 1 1 1 1 1 1 1 fn =  239133.2 
At return
eval: 3376 fn:      238137.88 par: 6.43199e-06 1.00602e-08 1.36282e-06 0.0261012 0.00370056 0.0285318 3.05296e-06 2.21367e-05 0.000179745 0.392055 0.419712 0.244163 0.157832 0.0138181 6.30375e-06 0.747044 0.00119575  1.04482 0.000982897 0.0185403 0.00118422
boundary (singular) fit: see ?isSingular
start par. =  1 1 1 1 1 1 1 1 1 1 1 1 1 1 1 1 1 1 1 1 1 fn =  239123.1 
At return
eval: 1483 fn:      238137.88 par: 7.05018e-07  0.00000 1.70343e-05 0.0627723 0.000140676 0.000376292 2.40813e-05 6.43246e-07 1.42780e-06 0.429915 0.0622805 0.0960758 0.167716 0.0143984 6.30136e-07 0.172595 0.578775 0.526157 0.0546807 0.0518414 0.0148458
boundary (singular) fit: see ?isSingular
start par. =  1 1 1 1 1 1 1 1 1 1 1 1 1 1 1 1 1 1 1 1 1 fn =  239055.7 
At return
eval: 1028 fn:      238137.88 par: 2.26995e-07  0.00000 0.0422742 0.00672730 0.117454 0.000115379 5.23148e-05 3.88007e-06 2.60032e-06 0.393672 0.384660 0.0957961 0.110688 0.305472 3.76471e-07 0.702949 0.488655 0.412274 0.0380356 0.0289990 0.0438128
boundary (singular) fit: see ?isSingular
start par. =  1 1 1 1 1 1 1 1 1 1 1 1 1 1 1 1 1 1 1 1 1 fn =  239123.1 
At return
eval: 3016 fn:      238137.88 par: 1.75240e-07 1.01305e-07 0.00268095 0.00198724 0.00798326 0.0313019 5.46481e-05 0.000214818 5.77752e-05 0.405780 0.363832 0.00185116 0.0194125 0.400642 4.54685e-07 0.872917 0.439371 0.335987 0.00126505 0.0135344 0.0135361
boundary (singular) fit: see ?isSingular
start par. =  1 1 1 1 1 1 1 1 1 1 1 1 1 1 1 1 1 1 1 1 1 fn =  239105.1 
At return
eval: 2219 fn:      238137.88 par:  0.00000  0.00000  0.00000 0.0798105 4.36385e-05 0.0969228  0.00000  0.00000  0.00000  0.00000 0.157859 0.427557 0.000340800  0.00000 0.406145 2.06398e-06 0.394967 0.528194 0.614810 0.178280 5.78943e-07
boundary (singular) fit: see ?isSingular
start par. =  1 1 1 1 1 1 1 1 1 1 1 1 1 1 1 1 1 1 1 1 1 fn =  239100.1 
At return
eval: 1113 fn:      238137.88 par:  0.00000  0.00000  0.00000 0.125479 0.000158681 0.00430868 5.71552e-06 5.83996e-05 4.87687e-06 8.85167e-06 1.48110e-05 8.02130e-05 0.887009 0.358838 0.0309427 0.179882  0.00000 0.866230 0.213787 0.846640 0.0162772
boundary (singular) fit: see ?isSingular
start par. =  1 1 1 1 1 1 1 1 1 1 1 1 1 1 1 1 1 1 1 1 1 fn =  239099.1 
At return
eval: 3737 fn:      238137.88 par:  0.00000  0.00000 7.40051e-07 1.19567e-06 0.0333006 0.101832 0.00773962 0.0805924 1.25889e-06 2.90268e-05 4.44685e-05 0.125955 0.852978 0.344444 0.0321113 0.197732  0.00000 0.240037 1.51270e-08  1.22001 0.0138981
boundary (singular) fit: see ?isSingular
start par. =  1 1 1 1 1 1 1 1 1 1 1 1 1 1 1 1 1 1 1 1 1 fn =  239135.6 
At return
eval: 2083 fn:      238137.88 par: 1.10166e-07  0.00000  0.00000 0.122498 0.00172981 0.000729365 0.00682530 0.00350631  0.00000 3.80193e-05 1.29391e-07 0.0373447 0.885336 0.315046 0.0364969 0.245258 9.66613e-07  1.26138 0.121122 0.00999983 0.00371466
boundary (singular) fit: see ?isSingular
start par. =  1 1 1 1 1 1 1 1 1 1 1 1 1 1 1 1 1 1 1 1 1 fn =  239131.5 
At return
eval: 1813 fn:      238137.88 par: 9.64898e-08 1.54690e-07  0.00000 0.00419581 0.0548433 0.0546989 0.00672185 0.00282696 7.73738e-05  0.00000 3.70421e-08 0.0241277 0.855620 0.00209574 0.134928 0.303506 2.76785e-08  1.12122 0.626625 0.0594782 0.000712370
boundary (singular) fit: see ?isSingular
start par. =  1 1 1 1 1 1 1 1 1 1 1 1 1 1 1 1 1 1 1 1 1 fn =  239135.6 
At return
eval: 2036 fn:      238137.88 par: 4.36750e-07  0.00000 3.67000e-08 1.67552e-07 0.0280654 0.112307 7.74794e-07 0.00385504 3.92506e-05 6.31978e-07 0.000113892 0.0215841 0.837274  0.00000 0.0370192 0.000864902 4.98015e-07 0.0666743  1.27748 0.0742164 0.0998341
some theta parameters on the boundary, restarting
start par. =  4.367496e-07 0 3.670003e-08 1.675519e-07 0.02806542 0.1123071 7.747943e-07 0.003855036 3.925057e-05 6.319776e-07 0.0001138921 0.02158407 0.8372743 0 0.03701917 0.0008649017 4.980154e-07 0.06667426 1.277477 0.07421635 0.09983412 fn =  238137.9 
At return
eval: 1766 fn:      238137.88 par: 4.20164e-08 2.62425e-07 6.69190e-07 0.108624 0.0254919 0.00386754 0.00918640 0.0796494 8.24522e-05 1.72809e-06 1.98442e-05 0.187128 0.785010 0.117035 0.120746 0.228128  0.00000 0.167198  1.19856 0.0465983 0.0505558
boundary (singular) fit: see ?isSingular
start par. =  1 1 1 1 1 1 1 1 1 1 1 1 1 1 1 1 1 1 1 1 1 fn =  239086 
At return
eval: 2131 fn:      238137.88 par: 8.77285e-07 2.86339e-07 1.34108e-07 0.120528 2.73224e-06 6.03221e-06 0.00879226 0.0382717 9.23775e-06 5.03814e-06 1.91405e-05 0.0371205 0.886110 0.229479 2.06959e-08 0.314592  1.01433 0.00224969 0.773066 0.00456641 0.0288594
boundary (singular) fit: see ?isSingular
start par. =  1 1 1 1 1 1 1 1 1 1 1 1 1 1 1 1 1 1 1 1 1 fn =  239135.5 
At return
eval: 1625 fn:      238137.88 par: 1.20258e-06  0.00000 2.34431e-06 0.00894261 0.000674655 0.125214 0.000481449 1.81502e-05 6.59433e-06 5.73320e-05 4.01341e-05 1.69895e-06 0.888394 0.340738 0.104774  0.00000  1.23665 0.0864958 0.301341 0.0106158 0.0175670
boundary (singular) fit: see ?isSingular
start par. =  1 1 1 1 1 1 1 1 1 1 1 1 1 1 1 1 1 1 1 1 1 fn =  239131.1 
At return
eval: 1760 fn:      238137.88 par:  0.00000 9.76598e-08 5.48753e-08 0.0751647 0.0257121 0.0580716 0.0160027 0.00252680 2.07361e-06 9.57908e-06 4.25793e-05 0.00703060 0.874703 0.186214 0.350252  0.00000 0.784908 0.174912 0.954707 0.0401023 0.0217906
boundary (singular) fit: see ?isSingular
start par. =  1 1 1 1 1 1 1 1 1 1 1 1 1 1 1 1 1 1 1 1 1 fn =  239135.5 
At return
eval: 2013 fn:      238137.88 par: 6.89748e-08 4.85762e-08 6.48248e-08 0.0537773 3.62662e-05 0.0680335 0.0226981 9.36293e-05 3.33743e-05 2.03505e-07 0.000124908 0.0342716 0.706210 0.0301996 0.347200  0.00000 0.541868 0.000415824  1.16462 0.134070 0.0504704
boundary (singular) fit: see ?isSingular
start par. =  1 1 1 1 1 1 1 1 1 1 1 1 1 1 1 1 1 1 1 1 1 fn =  239135.5 
At return
eval: 1509 fn:      238137.88 par: 4.86779e-07 7.65456e-08 8.78564e-07 0.0196543 9.69444e-07 0.124006 3.68807e-06 0.00117788 3.15332e-06 3.61110e-05 8.57091e-06 0.444428 0.0710877 0.000115526 0.371061 2.39498e-07  1.09349 0.0646847 0.661418 0.00770778 0.0372610
boundary (singular) fit: see ?isSingular
start par. =  1 1 1 1 1 1 1 1 1 1 1 1 1 1 1 1 1 1 1 1 1 fn =  239131 
At return
eval: 3090 fn:      238137.88 par: 2.25261e-08  0.00000 2.13376e-07 0.0123421 0.0594146 0.0383768 0.00106762 0.000372548 2.31088e-05 7.27642e-05 6.42288e-08 0.885592 0.342447 0.101805 0.000386516  0.00000 0.611892 0.405224 0.786576 0.0205127 0.0197238
boundary (singular) fit: see ?isSingular
start par. =  1 1 1 1 1 1 1 1 1 1 1 1 1 1 1 1 1 1 1 1 1 fn =  239135.3 
At return
eval: 2011 fn:      238137.88 par:  0.00000 5.63086e-09 1.54873e-07 0.116169 3.41517e-05 0.0467828 0.00223364 0.122365 1.66365e-05 2.95865e-06 0.268757 0.708593 0.000700578 0.182939 0.176310  0.00000 0.758510 0.123783 0.879646 1.70510e-07 3.89199e-06
boundary (singular) fit: see ?isSingular
start par. =  1 1 1 1 1 1 1 1 1 1 1 1 1 1 1 1 1 1 1 1 1 fn =  239135.3 
At return
eval: 2011 fn:      238137.88 par:  0.00000 5.63086e-09 1.54873e-07 0.116169 3.41517e-05 0.0467828 0.00223364 0.122365 1.66365e-05 2.95865e-06 0.268757 0.708593 0.000700578 0.182939 0.176310  0.00000 0.758510 0.123783 0.879646 1.70510e-07 3.89199e-06
boundary (singular) fit: see ?isSingular
start par. =  1 1 1 1 1 1 1 1 1 1 1 1 1 1 1 1 1 1 1 1 1 fn =  239135.3 
At return
eval: 2011 fn:      238137.88 par:  0.00000 5.63086e-09 1.54873e-07 0.116169 3.41517e-05 0.0467828 0.00223364 0.122365 1.66365e-05 2.95865e-06 0.268757 0.708593 0.000700578 0.182939 0.176310  0.00000 0.758510 0.123783 0.879646 1.70510e-07 3.89199e-06
boundary (singular) fit: see ?isSingular
start par. =  1 1 1 1 1 1 1 1 1 1 1 1 1 1 1 1 1 1 1 1 fn =  239004.4 
At return
eval: 1244 fn:      238137.88 par: 1.73699e-07  0.00000  0.00000 0.112157 0.0177107 0.0439332 4.95668e-07 0.000128960 5.18607e-06 0.344390 0.508210 0.279608 0.0778648 0.152801 2.87454e-06 0.825911 0.121879 0.953145 0.0603779 0.0494806
boundary (singular) fit: see ?isSingular
start par. =  1 1 1 1 1 1 1 1 1 1 1 1 1 1 1 1 1 1 1 1 fn =  239101.5 
At return
eval: 1921 fn:      238137.88 par: 1.85683e-07  0.00000 9.28503e-09 0.00604529 0.0627040 3.35242e-06 7.09768e-06 2.13168e-05 8.74956e-06 0.120898 0.837898 0.00760781 9.07459e-05 0.406070 8.42890e-08 0.193736 0.634899 0.00865456 0.0436574 0.000456417
boundary (singular) fit: see ?isSingular
start par. =  1 1 1 1 1 1 1 1 1 1 1 1 1 1 1 1 1 1 1 1 fn =  239089.5 
At return
eval: 1839 fn:      238137.88 par: 8.90188e-07 2.49922e-07 3.87675e-07 0.00164308 0.124804 0.00340021 2.56064e-05 1.33461e-05 1.44688e-06 0.214702 0.778420 0.347177 1.65797e-07 0.202903 1.33373e-06  1.19406 0.0991586 0.429979 0.00659460 0.0142543
boundary (singular) fit: see ?isSingular
start par. =  1 1 1 1 1 1 1 1 1 1 1 1 1 1 1 1 1 1 1 1 fn =  239101.5 
At return
eval: 1677 fn:      238137.88 par: 2.15653e-07 6.18250e-07 2.61024e-07 0.00964952 0.124064 1.03829e-05 3.85044e-06 6.79475e-05 4.23382e-05 0.0735118 0.853826 0.114057 0.118903 0.220295 1.69485e-06 0.330475 0.455772 0.842498 0.0502610 0.0541187
boundary (singular) fit: see ?isSingular
start par. =  1 1 1 1 1 1 1 1 1 1 1 1 1 1 1 1 1 1 1 1 fn =  239091.3 
At return
eval: 3013 fn:      238137.88 par: 1.55531e-07 3.14125e-07 0.00830181 0.00343132 0.0989120 0.0191442 3.76765e-05 1.33634e-05 6.22668e-05 2.03804e-06 0.881140 0.363355 0.0888361 0.0364721 5.44254e-08 0.791794 0.000113756  1.01140 0.0301948 0.00136374
boundary (singular) fit: see ?isSingular
start par. =  1 1 1 1 1 1 1 1 1 1 1 1 1 1 1 1 1 1 1 1 fn =  239023.9 
At return
eval: 3416 fn:      238137.88 par:  0.00000  0.00000 0.0836692 0.0272673 0.00540946 0.0189736 1.47266e-05 6.53161e-05 0.000160221 0.0747030 0.766251 0.292985 0.0217479 0.277869 1.30139e-05  1.06176 0.00985206 0.722684 0.106527 0.000905536
boundary (singular) fit: see ?isSingular
start par. =  1 1 1 1 1 1 1 1 1 1 1 1 1 1 1 1 1 1 1 1 fn =  239091.3 
At return
eval: 1550 fn:      238137.88 par:  0.00000 5.86684e-07 0.00309810 0.0270423 0.112824 0.00249852 1.11567e-05 5.04509e-07  0.00000 0.339008 0.575609 0.176010 0.00781518 0.363616 3.15329e-06 0.807066 0.00222882 0.999285  0.00000 0.00973414
some theta parameters on the boundary, restarting
start par. =  0 5.866836e-07 0.003098104 0.02704229 0.1128238 0.002498525 1.115666e-05 5.045088e-07 0 0.339008 0.5756085 0.1760098 0.007815176 0.3636161 3.153291e-06 0.807066 0.002228818 0.9992849 0 0.009734141 fn =  238137.9 
At return
eval: 1291 fn:      238137.88 par: 4.01989e-07  0.00000 0.0435988 0.0233345 0.0997301 0.0104248 1.12384e-05 4.29068e-08 2.74970e-07 0.310639 0.530715 0.102285 0.141443 0.270074 4.33555e-07 0.770786 0.135410 0.991243 0.0878157 0.00976753
boundary (singular) fit: see ?isSingular
start par. =  1 1 1 1 1 1 1 1 1 1 1 1 1 1 1 1 1 1 1 1 fn =  239091.3 
At return
eval: 1550 fn:      238137.88 par:  0.00000 5.86684e-07 0.00309810 0.0270423 0.112824 0.00249852 1.11567e-05 5.04509e-07  0.00000 0.339008 0.575609 0.176010 0.00781518 0.363616 3.15329e-06 0.807066 0.00222882 0.999285  0.00000 0.00973414
some theta parameters on the boundary, restarting
start par. =  0 5.866836e-07 0.003098104 0.02704229 0.1128238 0.002498525 1.115666e-05 5.045088e-07 0 0.339008 0.5756085 0.1760098 0.007815176 0.3636161 3.153291e-06 0.807066 0.002228818 0.9992849 0 0.009734141 fn =  238137.9 
At return
eval: 1291 fn:      238137.88 par: 4.01989e-07  0.00000 0.0435988 0.0233345 0.0997301 0.0104248 1.12384e-05 4.29068e-08 2.74970e-07 0.310639 0.530715 0.102285 0.141443 0.270074 4.33555e-07 0.770786 0.135410 0.991243 0.0878157 0.00976753
boundary (singular) fit: see ?isSingular
start par. =  1 1 1 1 1 1 1 1 1 1 1 1 1 1 1 1 1 1 1 1 fn =  239086.3 
At return
eval: 1685 fn:      238137.88 par:  0.00000  0.00000  0.00000 0.00467373 0.124866 0.00230367 0.124808 4.59544e-05 2.73230e-05 1.52509e-06 0.133896 0.260957 0.0127214 0.137256 0.299057 1.23231e-06 0.386987 0.545596 0.245455 0.201744
boundary (singular) fit: see ?isSingular
start par. =  1 1 1 1 1 1 1 1 1 1 1 1 1 1 1 1 1 1 1 1 fn =  239085.4 
At return
eval: 1596 fn:      238137.88 par: 1.16682e-07 4.40823e-07 0.110248 0.0225065 0.000475492 0.00994579 0.00483124 2.14753e-05 1.08252e-06 3.26349e-05 0.195559 0.798792 0.310491 0.0882906 0.000373350 5.87242e-07 0.603844 0.208772  1.05388 0.0483271
boundary (singular) fit: see ?isSingular
start par. =  1 1 1 1 1 1 1 1 1 1 1 1 1 1 1 1 1 1 1 1 fn =  239121.9 
At return
eval: 1649 fn:      238137.88 par: 3.10703e-07  0.00000 0.00152745 0.0511693 0.0709221 0.00401804 0.0495858  0.00000 1.51011e-07 2.79799e-05 0.378734 0.457570 0.264140 0.0562328 0.0861318 8.57940e-07 0.972958 0.407413 0.0222252 0.0685176
boundary (singular) fit: see ?isSingular
start par. =  1 1 1 1 1 1 1 1 1 1 1 1 1 1 1 1 1 1 1 1 fn =  239117.8 
At return
eval: 1946 fn:      238137.88 par: 2.77716e-07 2.37250e-07 0.000755910 0.0626447 0.00747783 0.000779383 0.0333129 6.87962e-06 5.86009e-05 9.82138e-06 0.405756 0.0689026 0.355877 0.0307818 0.185779 7.21274e-08 0.142030  1.26966 0.0893478 0.000148146
boundary (singular) fit: see ?isSingular
start par. =  1 1 1 1 1 1 1 1 1 1 1 1 1 1 1 1 1 1 1 1 fn =  239121.9 
At return
eval: 1089 fn:      238137.88 par:  0.00000 4.29336e-06 0.124962 0.000113596 0.0120475 0.000432245 0.000557115 4.54866e-07 3.04584e-06 3.02108e-05 0.368051 0.499140 0.297483 6.57794e-05 9.69199e-05 7.42875e-07 0.344427  1.08422 0.00121298 0.0691275
boundary (singular) fit: see ?isSingular
start par. =  1 1 1 1 1 1 1 1 1 1 1 1 1 1 1 1 1 1 1 1 fn =  239072.3 
At return
eval: 2892 fn:      238137.88 par:  0.00000 1.39483e-06 0.0195498 0.0402317 0.00365611 0.0235768 0.00496404 0.000117882 9.36073e-06 2.50980e-07 0.227108 0.764656 0.0885024 0.0839200 0.0224994 0.573286 0.00533482  1.14926 0.000110872 0.0895971
boundary (singular) fit: see ?isSingular
start par. =  1 1 1 1 1 1 1 1 1 1 1 1 1 1 1 1 1 1 1 1 fn =  239121.8 
At return
eval: 1401 fn:      238137.88 par:  0.00000 2.45723e-06 0.104088 1.42506e-06 0.0636197 0.00742372 0.000793970 2.29485e-06 8.82018e-05 7.57493e-06 0.189075 0.805003 0.402335 0.0274438  0.00000 0.853704 0.0797822 0.946438 3.70670e-05 0.00204424
boundary (singular) fit: see ?isSingular
start par. =  1 1 1 1 1 1 1 1 1 1 1 1 1 1 1 1 1 1 1 1 fn =  239117.4 
At return
eval: 2607 fn:      238137.88 par:  0.00000 4.58231e-08 0.0397537 0.0595467 0.000353779 8.78139e-07 0.0282812 9.84185e-05 1.62811e-06 7.37410e-05 0.185974 0.807759 0.249434 0.000348217 1.15166e-06 0.457682 0.0340877  1.19291 0.00362993 0.0801308
boundary (singular) fit: see ?isSingular
start par. =  1 1 1 1 1 1 1 1 1 1 1 1 1 1 1 1 1 1 1 1 fn =  239121.8 
At return
eval: 1299 fn:      238137.88 par: 1.84236e-07  0.00000 0.106343 0.000154280 0.0667445  0.00000 0.0103945 9.23785e-06 9.43555e-10 8.45216e-07 0.257067 0.725714 0.0232496 0.390649 1.97364e-06 0.809229 0.181648 0.928110 0.00133939 0.0252292
boundary (singular) fit: see ?isSingular
start par. =  1 1 1 1 1 1 1 1 1 1 1 1 1 1 1 1 1 1 1 1 fn =  239121.7 
At return
eval: 1739 fn:      238137.88 par:  0.00000 8.11745e-07 0.101889 0.00268073 0.0731689 1.02408e-06 0.0339114 3.19177e-05 2.60822e-07 5.26417e-06 0.370050 0.146845 0.118979 0.156037  0.00000 0.129685 0.328379  1.08787 0.123308 0.0624592
boundary (singular) fit: see ?isSingular
start par. =  1 1 1 1 1 1 1 1 1 1 1 1 1 1 1 1 1 1 1 1 fn =  239117.3 
At return
eval: 2576 fn:      238137.88 par: 5.62670e-08 1.86542e-08 0.0134293 0.0554154 0.0574424 1.80493e-06 0.00231142 2.03160e-05 2.37952e-06 1.88871e-05 0.889431 0.000697777 0.167337 0.169337 1.91103e-07 0.503183 0.461879 0.737101 6.51490e-08 0.0389476
boundary (singular) fit: see ?isSingular
start par. =  1 1 1 1 1 1 1 1 1 1 1 1 1 1 1 1 1 1 1 1 fn =  239121.6 
At return
eval: 1088 fn:      238137.88 par: 3.11009e-07 6.80433e-09  0.00000 0.00759635 0.124631 6.57064e-06 0.0133943 3.31948e-05  0.00000 0.402640 0.370645 0.0743414 0.0275441 0.391856 5.57490e-07  1.01591 0.286001 0.536492 0.0179706 0.0133217
boundary (singular) fit: see ?isSingular
start par. =  1 1 1 1 1 1 1 1 1 1 1 1 1 1 1 1 1 1 1 1 fn =  239121.6 
At return
eval: 1088 fn:      238137.88 par: 3.11009e-07 6.80433e-09  0.00000 0.00759635 0.124631 6.57064e-06 0.0133943 3.31948e-05  0.00000 0.402640 0.370645 0.0743414 0.0275441 0.391856 5.57490e-07  1.01591 0.286001 0.536492 0.0179706 0.0133217
boundary (singular) fit: see ?isSingular
start par. =  1 1 1 1 1 1 1 1 1 1 1 1 1 1 1 1 1 1 1 1 fn =  239121.6 
At return
eval: 1088 fn:      238137.88 par: 3.11009e-07 6.80433e-09  0.00000 0.00759635 0.124631 6.57064e-06 0.0133943 3.31948e-05  0.00000 0.402640 0.370645 0.0743414 0.0275441 0.391856 5.57490e-07  1.01591 0.286001 0.536492 0.0179706 0.0133217
boundary (singular) fit: see ?isSingular
start par. =  1 1 1 1 1 1 1 1 1 1 1 1 1 1 1 1 1 1 1 fn =  238990.7 
At return
eval: 1084 fn:      238137.88 par: 2.05388e-07  0.00000 0.0616868 0.0545681 0.00691749  0.00000 2.15866e-05  0.00000 0.284636 0.462729 0.0836821 0.0324744 0.392081 4.56472e-07 0.830978 0.0741432 0.968232 0.125705 4.15196e-06
boundary (singular) fit: see ?isSingular
start par. =  1 1 1 1 1 1 1 1 1 1 1 1 1 1 1 1 1 1 1 fn =  239087.7 
At return
eval: 1729 fn:      238137.88 par: 3.33499e-07 4.06538e-07 0.124776 0.00676112 0.000857004 4.42476e-05 2.24606e-07 9.23065e-06 0.191462 0.620595 0.00236490 0.0630345 0.0449490 4.00980e-06 0.511948 0.191040  1.11437 0.127290 0.0958620
boundary (singular) fit: see ?isSingular
start par. =  1 1 1 1 1 1 1 1 1 1 1 1 1 1 1 1 1 1 1 fn =  239075.7 
At return
eval: 4430 fn:      238137.88 par: 9.90217e-07 2.99213e-07 0.0103296 0.0151769 0.0310511 7.32341e-05 0.000119922 0.000111056 0.429846 0.220885 0.270485 0.0841652 0.140527 1.09127e-06 0.839513 0.150096 0.924645 0.0140584 0.0522650
boundary (singular) fit: see ?isSingular
start par. =  1 1 1 1 1 1 1 1 1 1 1 1 1 1 1 1 1 1 1 fn =  239087.7 
At return
eval: 1591 fn:      238137.88 par:  0.00000 2.70811e-07 0.00711798 0.121165 0.00741601 4.64999e-05 6.99325e-08  0.00000 0.124415 0.852465 0.170210 0.179165 0.000216299 2.96627e-07 0.626747 0.363514 0.853556 0.0122711 0.0217698
boundary (singular) fit: see ?isSingular
start par. =  1 1 1 1 1 1 1 1 1 1 1 1 1 1 1 1 1 1 1 fn =  239074.6 
At return
eval: 2879 fn:      238137.88 par: 4.46537e-08 0.0972714 9.10066e-06 3.13228e-06 0.0198460 9.88468e-08 0.000329373 2.03871e-07 0.153157 0.834979 0.387323 0.0227686 0.113286 7.83054e-07  1.00604 0.0222201 0.797494 0.000709516 0.00124044
boundary (singular) fit: see ?isSingular
start par. =  1 1 1 1 1 1 1 1 1 1 1 1 1 1 1 1 1 1 1 fn =  238976.2 
At return
eval: 2145 fn:      238137.88 par:  0.00000 0.0389549 0.00410878 0.119065 0.000357469 2.54518e-05 5.19248e-05 1.04775e-07 9.05094e-05 0.888445 0.127204 0.0633753 0.347379 4.16097e-09 0.869506 0.00528641 0.945420 0.0102776 0.0274261
boundary (singular) fit: see ?isSingular
start par. =  1 1 1 1 1 1 1 1 1 1 1 1 1 1 1 1 1 1 1 fn =  238990.7 
At return
eval: 1084 fn:      238137.88 par: 2.05388e-07  0.00000 0.0616868 0.0545681 0.00691749  0.00000 2.15866e-05  0.00000 0.284636 0.462729 0.0836821 0.0324744 0.392081 4.56472e-07 0.830978 0.0741432 0.968232 0.125705 4.15196e-06
boundary (singular) fit: see ?isSingular
start par. =  1 1 1 1 1 1 1 1 1 1 1 1 1 1 1 1 1 1 1 fn =  238985.7 
At return
eval: 1104 fn:      238137.88 par: 2.82765e-08 1.67187e-06 0.0127082 0.0250038 0.114461 0.000408377 1.58036e-06 1.33243e-05 3.04285e-08 0.386184 0.337632 0.337051 0.00327311 0.226514 4.64673e-08 0.868078 0.257760 0.794122 0.0709197
boundary (singular) fit: see ?isSingular
srun: Job step aborted: Waiting up to 32 seconds for job step to finish.
slurmstepd: error: *** STEP 4498411.0 ON wbn094 CANCELLED AT 2019-06-17T00:10:28 DUE TO TIME LIMIT ***
slurmstepd: error: *** JOB 4498411 ON wbn094 CANCELLED AT 2019-06-17T00:10:28 DUE TO TIME LIMIT ***
