Executing R ...
Fitting model for P203_DataAnalysis.Rmd...
The corresponding *.out file is 4340099.out
Setting the current working directory...

Loading the libraries...
Loading required package: Matrix

Attaching package: ‘lmerTest’

The following object is masked from ‘package:lme4’:

    lmer

The following object is masked from ‘package:stats’:

    step


Loading the data file...

################################################################################
Fitting the lmm.max.N170.E2 model...
start par. =  1 0 0 0 0 0 0 0 1 0 0 0 0 0 0 1 0 0 0 0 0 1 0 0 0 0 1 0 0 0 1 0 0 1 0 1 1 0 0 0 0 0 0 0 0 0 0 0 0 0 0 0 1 0 0 0 0 0 0 0 0 0 0 0 0 0 0 1 0 0 0 0 0 0 0 0 0 0 0 0 0 1 0 0 0 0 0 0 0 0 0 0 0 0 1 0 0 0 0 0 0 0 0 0 0 0 1 0 0 0 0 0 0 0 0 0 0 1 0 0 0 0 0 0 0 0 0 1 0 0 0 0 0 0 0 0 1 0 0 0 0 0 0 0 1 0 0 0 0 0 0 1 0 0 0 0 0 1 0 0 0 0 1 0 0 0 1 0 0 1 0 1 fn =  404772.5 
At return
eval: 123343 fn:      401325.89 par:  0.00000 -0.0670692 0.00586293 -0.00135525 -0.0655783 -0.00186768 -0.0128083 0.0227185 0.0372520 -0.0336311 0.00649494 0.00949358 0.00356639 0.00647332 -0.0110019 0.000583005 -0.0111781 0.121261 0.00888954 -0.0127479 0.0366159 0.00608373 -0.0663745 -0.00491437 0.00701409 -0.0201453 6.15937e-06 8.92885e-07 -9.25020e-08 2.62039e-06 2.95451e-07 1.43454e-07 1.13687e-06 8.24931e-07 8.03102e-07 1.09978e-07 0.432892 -0.0398792 -0.0392457 0.000169078 -0.0545688 0.182917 -0.00839519 0.0336705 -0.00479709 -0.00350473 -0.0448532 0.119740 0.0133080 0.0198152 0.0182535 0.0202735 0.170077 0.0870254 0.0478143 -0.106853 -0.128560 0.134771 0.0438128 0.0935537 0.0121397 -0.000785405 -0.150657 -0.0586546 0.132415 -0.0238866 -0.0676205 0.109171 -0.0318224 0.0571759 -0.142389 -0.00304902 0.0911745 -0.0121430 -0.0245223 -0.0465406 -0.117300 0.0528705 -0.0110189 -0.0273543 0.0730177 0.225784 -0.0626637 0.00398429 -0.0356902 -0.0308422 0.0228451 -0.00831310 0.142963 -0.0279925 -0.0162626 -0.0434650 -0.0714914 0.0819516 0.221017 0.000344512 -0.0899144 -0.0340808 -0.0722725 -0.0750836 -0.0222919 0.0595891 0.109276 -0.0423548 -0.0362584 0.0327287 0.127869 0.0376647 -0.0304635 -0.0248961 -0.00231567 0.0133451 0.0701732 0.0362491 0.0329099 0.000304911 -0.0162798 0.145502 0.0974320 -0.00177891 0.00211458 0.0936123 -0.134397 0.0621206 -0.00490426 0.0395492 -0.0302158 0.0484385 0.0179356 0.0575599 0.0212632 -0.0951387 -0.115890 -0.0156400 0.0417900 -0.0364164 0.124323 0.135251 0.0852749 -0.0398422 -0.232313 0.0548331 0.112777 -0.111370 0.00868286 -0.180014 -0.0540662 -0.0313556 0.0513310 0.0286840 0.00713328 0.112783 -0.00150795 0.00790559 -0.0453779 -0.0354889 0.0581133 0.00214173 0.000191770 0.000729755 0.00141058 -0.00449709 3.26310e-06 1.54204e-05 1.56428e-05 -3.94867e-05 6.24435e-09 -5.35519e-06 2.66539e-05 1.83318e-06 -2.36780e-06 1.57155e-06
boundary (singular) fit: see ?isSingular
Warning message:
Model failed to converge with 4 negative eigenvalues: -6.0e-02 -3.9e+03 -4.5e+03 -1.4e+04 

Saving the lmm.max.N170.E2

################################################################################
Fitting the lmm.opt.N170.E2 model...

Saving the lmm.opt.N170.E2
R version 3.5.3 (2019-03-11)
Platform: x86_64-pc-linux-gnu (64-bit)
Running under: CentOS Linux 7 (Core)

Matrix products: default
BLAS/LAPACK: /scale_wlg_persistent/filesets/opt_nesi/CS400_centos7_bdw/imkl/2018.4.274-gimpi-2018b/compilers_and_libraries_2018.5.274/linux/mkl/lib/intel64_lin/libmkl_gf_lp64.so

locale:
 [1] LC_CTYPE=en_US.UTF-8       LC_NUMERIC=C              
 [3] LC_TIME=en_US.UTF-8        LC_COLLATE=en_US.UTF-8    
 [5] LC_MONETARY=en_US.UTF-8    LC_MESSAGES=en_US.UTF-8   
 [7] LC_PAPER=en_US.UTF-8       LC_NAME=C                 
 [9] LC_ADDRESS=C               LC_TELEPHONE=C            
[11] LC_MEASUREMENT=en_US.UTF-8 LC_IDENTIFICATION=C       

attached base packages:
[1] stats     graphics  grDevices utils     datasets  methods   base     

other attached packages:
[1] lmerTest_3.1-0 lme4_1.1-21    Matrix_1.2-16 

loaded via a namespace (and not attached):
 [1] Rcpp_1.0.0        magrittr_1.5      bindr_0.1.1       splines_3.5.3    
 [5] MASS_7.3-51.1     tidyselect_0.2.5  munsell_0.5.0     colorspace_1.4-0 
 [9] lattice_0.20-38   R6_2.4.0          rlang_0.3.1       minqa_1.2.4      
[13] plyr_1.8.4        dplyr_0.7.8       grid_3.5.3        gtable_0.2.0     
[17] nlme_3.1-137      assertthat_0.2.0  lazyeval_0.2.1    tibble_2.0.1     
[21] numDeriv_2016.8-1 crayon_1.3.4      bindrcpp_0.2.2    purrr_0.2.5      
[25] nloptr_1.2.1      ggplot2_3.1.0     glue_1.3.0        compiler_3.5.3   
[29] pillar_1.3.1      scales_1.0.0      boot_1.3-20       pkgconfig_2.0.2  
R finished.
