Executing R ...
Fitting model for P203_DataAnalysis.Rmd...
The corresponding *.out file is 4498418.out
Setting the current working directory...

Loading the libraries...
Loading required package: Matrix

Attaching package: ‘lmerTest’

The following object is masked from ‘package:lme4’:

    lmer

The following object is masked from ‘package:stats’:

    step


Loading the data file...

################################################################################
Fitting the lmm.zcp.N170.SC.E2.step model...
start par. =  1 1 1 1 1 1 1 1 1 1 1 1 1 1 1 1 1 1 1 1 1 1 1 fn =  240626.2 
At return
eval: 1266 fn:      239688.54 par: 1.91305e-07 1.03995e-07 1.60090e-07 0.0900761 0.0463892 0.00673291  0.00000 0.00876514 0.690593 0.501430 0.693717 0.444086 0.393110 0.765334 0.651317 0.0749334 0.565394 0.00357720 0.476617 0.853432 0.427617 0.183945 0.0231629
boundary (singular) fit: see ?isSingular
start par. =  1 1 1 1 1 1 1 1 1 1 1 1 1 1 1 1 1 1 1 1 1 1 1 fn =  240617.4 
At return
eval: 1238 fn:      239688.54 par: 2.58572e-06  0.00000  0.00000 0.00169960 0.0668945 0.00968696 1.00769e-07 2.74194e-05 0.633751 0.402535 0.784072 0.720207 0.454584 0.748962 0.615248 0.142094 0.561804 0.0443148 0.882958 0.613437 0.548526 0.0476432 0.214723
boundary (singular) fit: see ?isSingular
start par. =  1 1 1 1 1 1 1 1 1 1 1 1 1 1 1 1 1 1 1 1 1 1 1 fn =  240621.5 
At return
eval: 3223 fn:      239688.54 par: 7.21265e-07 4.34289e-07  0.00000 0.00582263 0.000340244 0.0241458 2.06394e-07 0.0329573 0.590565 0.540966 0.717610 0.681545 0.179784  1.16120 0.648100 0.116146 0.457712 0.0577458 0.952066 0.611427 0.915497 0.0756198 0.0723056
boundary (singular) fit: see ?isSingular
start par. =  1 1 1 1 1 1 1 1 1 1 1 1 1 1 1 1 1 1 1 1 1 1 1 fn =  240650.9 
At return
eval: 1651 fn:      239688.54 par: 8.34598e-07 1.47459e-07 2.58879e-07 2.62979e-07 0.0669908 5.84094e-05 2.14241e-07 0.00167741 0.654100 0.884237 0.00205141 0.676871 0.525485 0.616344 0.559205 4.57022e-06 0.678662 0.000433817 0.797271 0.819736 0.00233562 0.0101807 0.00240699
boundary (singular) fit: see ?isSingular
start par. =  1 1 1 1 1 1 1 1 1 1 1 1 1 1 1 1 1 1 1 1 1 1 1 fn =  240647.2 
At return
eval: 984 fn:      239688.54 par: 1.83009e-06 2.11135e-07  0.00000 0.0670215 0.0523494  0.00000  0.00000 0.0126055 0.572668 0.571585 0.480467 0.472312 0.585400 0.590580 0.554995 0.246143 0.473910 0.142370 0.592498 0.297004 0.000123341 0.000874505 0.424573
boundary (singular) fit: see ?isSingular
start par. =  1 1 1 1 1 1 1 1 1 1 1 1 1 1 1 1 1 1 1 1 1 1 1 fn =  240650.9 
At return
eval: 1727 fn:      239688.54 par: 9.69415e-09  0.00000 8.27587e-08 0.00945337 0.0667497 0.00423249  0.00000 0.00204295 0.919885 0.591441 0.0167694 0.695680 0.522922 0.602289 0.527005 0.00316347 0.642627 0.0289906 0.810710 0.775892 0.0112110 0.0725479 0.0760258
boundary (singular) fit: see ?isSingular
start par. =  1 1 1 1 1 1 1 1 1 1 1 1 1 1 1 1 1 1 1 1 1 1 1 fn =  240610.6 
At return
eval: 1048 fn:      239688.54 par: 1.09549e-07 2.28481e-08 6.24141e-09 0.000764942 0.0549074 0.0768298 1.65791e-07 0.00144542 0.615586 0.717400 0.562350 0.777314 0.477400 0.627992 0.546514 0.266410 0.374873 0.846201 0.710686 0.718448 0.0448486 0.0569145 0.0664910
boundary (singular) fit: see ?isSingular
start par. =  1 1 1 1 1 1 1 1 1 1 1 1 1 1 1 1 1 1 1 1 1 1 1 fn =  240650.8 
At return
eval: 1756 fn:      239688.54 par: 7.21689e-07 1.85113e-07 1.45682e-06 0.123077 0.0242260 0.00601393 1.12248e-07 0.00538818 0.346796 0.877855 0.564768 0.827407 0.485358 0.560115 0.380843 0.395839 9.76392e-07 0.601824 0.545987 0.846767 0.0107883 0.0141138 0.256421
boundary (singular) fit: see ?isSingular
start par. =  1 1 1 1 1 1 1 1 1 1 1 1 1 1 1 1 1 1 1 1 1 1 1 fn =  240646.5 
At return
eval: 2210 fn:      239688.54 par: 2.78087e-06 9.28886e-07 3.01024e-06 0.00612159 0.0617624 0.00171017 1.86256e-07 0.0129842 0.708251 0.600160 0.580397 0.874107 0.334471 0.854817 0.707141 0.524322 0.0263410 0.607746 0.613865 0.509877 0.00453104 0.00183085 0.272356
boundary (singular) fit: see ?isSingular
start par. =  1 1 1 1 1 1 1 1 1 1 1 1 1 1 1 1 1 1 1 1 1 1 1 fn =  240650.8 
At return
eval: 2067 fn:      239688.54 par: 1.24218e-06 2.18198e-07 1.02553e-06 0.000700074 0.0388926 0.0637117  0.00000 0.0222009 0.628560 0.759890 0.486759 0.429319 0.493741 0.884801 0.346049 0.527958 0.00438917 0.782163 0.575431 0.802794 0.00210843 0.0327840 0.215454
boundary (singular) fit: see ?isSingular
start par. =  1 1 1 1 1 1 1 1 1 1 1 1 1 1 1 1 1 1 1 1 1 1 1 fn =  240650.8 
At return
eval: 2067 fn:      239688.54 par:  0.00000 7.35007e-07 1.38769e-07 0.0440725 0.00270222 0.0100623 4.22447e-08 0.0315471 0.562574 0.869307 0.317712 0.743535 0.587438 0.800281 0.000571745 0.137985 0.0479404 0.555168 0.590209 0.767779 0.0241458 0.0849551 0.253998
boundary (singular) fit: see ?isSingular
start par. =  1 1 1 1 1 1 1 1 1 1 1 1 1 1 1 1 1 1 1 1 1 1 1 fn =  240646.8 
At return
eval: 2043 fn:      239688.54 par: 1.10949e-07 1.32489e-07 1.71504e-07 0.0675551 0.0483681 0.0638317 8.80817e-08 0.000112883 0.642584 0.633811 0.547823 0.667225  1.22369 0.599144 0.00545169 0.637125 0.0770634 0.851059 0.660590 0.858979 2.07013e-05 0.0249515 0.0850613
boundary (singular) fit: see ?isSingular
start par. =  1 1 1 1 1 1 1 1 1 1 1 1 1 1 1 1 1 1 1 1 1 1 1 fn =  240650.8 
At return
eval: 1923 fn:      239688.54 par: 4.61117e-07 1.07928e-09 9.85596e-07 0.0118087 9.86294e-08 0.0531364 5.04090e-08 0.0306526 0.830285 0.440901 0.258842 0.522425 0.844853 0.744569 0.0250982 0.297103 0.127243 0.614604 0.635886 0.845055 0.0925379 0.0900721 0.195924
boundary (singular) fit: see ?isSingular
start par. =  1 1 1 1 1 1 1 1 1 1 1 1 1 1 1 1 1 1 1 1 1 1 1 fn =  240650.6 
At return
eval: 2199 fn:      239688.54 par: 3.44315e-06  0.00000 3.69752e-06 0.0461612 0.00637634 0.0844307 6.21591e-08 0.0231493 0.758033 0.795521 0.430850 0.551802 0.732788 0.405109 0.218561 0.624918 0.0122855 0.985335 0.673332 0.644035 0.0112523 0.0427620 0.0880501
boundary (singular) fit: see ?isSingular
start par. =  1 1 1 1 1 1 1 1 1 1 1 1 1 1 1 1 1 1 1 1 1 1 1 fn =  240650.6 
At return
eval: 2199 fn:      239688.54 par: 3.44315e-06  0.00000 3.69752e-06 0.0461612 0.00637634 0.0844307 6.21591e-08 0.0231493 0.758033 0.795521 0.430850 0.551802 0.732788 0.405109 0.218561 0.624918 0.0122855 0.985335 0.673332 0.644035 0.0112523 0.0427620 0.0880501
boundary (singular) fit: see ?isSingular
start par. =  1 1 1 1 1 1 1 1 1 1 1 1 1 1 1 1 1 1 1 1 1 1 1 fn =  240650.6 
At return
eval: 2199 fn:      239688.54 par: 3.44315e-06  0.00000 3.69752e-06 0.0461612 0.00637634 0.0844307 6.21591e-08 0.0231493 0.758033 0.795521 0.430850 0.551802 0.732788 0.405109 0.218561 0.624918 0.0122855 0.985335 0.673332 0.644035 0.0112523 0.0427620 0.0880501
boundary (singular) fit: see ?isSingular
start par. =  1 1 1 1 1 1 1 1 1 1 1 1 1 1 1 1 1 1 1 1 1 1 1 fn =  240551.4 
At return
eval: 1193 fn:      239688.54 par:  0.00000 1.01934e-07 7.42314e-07 0.116517 0.0246475 0.0446089  0.00000 0.646948 0.571820 0.681390 0.862814 0.353708 0.825174 0.535061 0.250594 0.487122 1.31502e-08 0.959126 0.429216 0.986451 0.0323548 0.00356431 0.208192
boundary (singular) fit: see ?isSingular
start par. =  1 1 1 1 1 1 1 1 1 1 1 1 1 1 1 1 1 1 1 1 1 1 1 fn =  240552.3 
At return
eval: 639 fn:      239688.54 par: 2.42621e-07  0.00000 2.49815e-08 0.133670 0.00281224 0.00392939 0.00225803 0.417345  1.01532 0.0686023 0.456032 0.563888 0.484811 0.517070 0.133728 0.554623 4.32473e-08 0.693852 0.653199 0.756918 0.119265 0.0896029 0.187495
boundary (singular) fit: see ?isSingular
start par. =  1 1 1 1 1 1 1 1 1 1 1 1 1 1 1 1 1 1 1 1 1 1 1 fn =  240648.4 
At return
eval: 1302 fn:      239688.54 par: 4.43919e-06 2.98009e-08 3.09353e-07 0.0297506 0.0650846 5.17495e-08 0.00323157 0.763039 0.540431 0.566073 0.653408 0.548707 0.556652 0.609064 0.174737 0.530920 0.0305438 0.805975 0.666304 0.537669 0.00952987 0.000776303 0.195074
boundary (singular) fit: see ?isSingular
start par. =  1 1 1 1 1 1 1 1 1 1 1 1 1 1 1 1 1 1 1 1 1 1 1 fn =  240636.5 
At return
eval: 740 fn:      239688.54 par: 7.97576e-08 3.98294e-07 5.45988e-06 0.0677945 0.114633  0.00000 0.00402942 0.681822 0.612076 0.607901 0.569800 0.565611 0.580722 0.489299 0.270182 0.492989 0.00726271 0.752056 0.721404 0.654574 0.00755220 0.00581826 0.124433
boundary (singular) fit: see ?isSingular
start par. =  1 1 1 1 1 1 1 1 1 1 1 1 1 1 1 1 1 1 1 1 1 1 1 fn =  240648.4 
At return
eval: 1847 fn:      239688.54 par:  0.00000 4.31448e-08 8.34769e-07 0.0557719 8.25876e-05  0.00000 0.0186315 0.575076 0.465141 0.803327 0.663493 0.514648 0.557442 0.639425 0.118913 0.556315 0.0330218 0.762426 0.674120 0.559575 0.0908558 0.00113457 0.195464
boundary (singular) fit: see ?isSingular
start par. =  1 1 1 1 1 1 1 1 1 1 1 1 1 1 1 1 1 1 1 1 1 1 1 fn =  240648.5 
At return
eval: 1008 fn:      239688.54 par: 1.30617e-07 1.98703e-07 0.122392 0.000640238 0.0518507 2.48682e-08 0.00451581 0.589254 0.494994 0.640920 0.832827 0.445945 0.672677 0.521244 0.187023 0.593488 0.113675 0.906761 0.606363 0.928497 0.00769663 0.0263770 0.102624
boundary (singular) fit: see ?isSingular
start par. =  1 1 1 1 1 1 1 1 1 1 1 1 1 1 1 1 1 1 1 1 1 1 1 fn =  240636.5 
At return
eval: 1489 fn:      239688.54 par: 1.16440e-07 6.22673e-07 0.126698 0.000610832 2.30170e-06 8.05052e-09 0.0110186 0.664656 0.587404 0.650444 0.578534 0.569790 0.555829 0.608635 0.110292 0.590289 0.000408731 0.380797 0.660346 0.506915 0.00457234 0.0215790 0.271267
boundary (singular) fit: see ?isSingular
start par. =  1 1 1 1 1 1 1 1 1 1 1 1 1 1 1 1 1 1 1 1 1 1 1 fn =  240648.5 
At return
eval: 2270 fn:      239688.54 par:  0.00000 1.70838e-06 0.0711807 0.000189741 0.101197 1.02132e-10 0.0129627 0.615188 0.728253 0.548609 0.746903 0.529782 0.458139 0.499932 0.00347396 0.285895 0.000332774 0.581141 0.728973 0.927337 0.0569999 0.166441 4.01770e-06
boundary (singular) fit: see ?isSingular
start par. =  1 1 1 1 1 1 1 1 1 1 1 1 1 1 1 1 1 1 1 1 1 1 1 fn =  240626.2 
At return
eval: 1266 fn:      239688.54 par: 1.91305e-07 1.03995e-07 1.60090e-07 0.0900761 0.0463892 0.00673291  0.00000 0.00876514 0.690593 0.501430 0.693717 0.444086 0.393110 0.765334 0.651317 0.0749334 0.565394 0.00357720 0.476617 0.853432 0.427617 0.183945 0.0231629
boundary (singular) fit: see ?isSingular
start par. =  1 1 1 1 1 1 1 1 1 1 1 1 1 1 1 1 1 1 1 1 1 1 1 fn =  240617.4 
At return
eval: 1192 fn:      239688.54 par: 1.88490e-06  0.00000  0.00000 0.00706717 0.0638243 0.0278511  0.00000 0.00740123 0.206533 0.397933 0.633201 0.781187 0.709156 0.454652 0.736971 0.560329 0.141144 0.617474 0.0501388 0.536494 0.626564 0.884708 0.0659652
boundary (singular) fit: see ?isSingular
start par. =  1 1 1 1 1 1 1 1 1 1 1 1 1 1 1 1 1 1 1 1 1 1 1 fn =  240621.5 
At return
eval: 2196 fn:      239688.54 par:  0.00000 4.99660e-07 3.68599e-06 0.00253238 0.0114988 0.0679983  0.00000 0.0283253 0.147061 0.692773 0.635085 0.571489  1.25807 0.000962728 0.600049 0.513297 0.236113 0.537093 8.07474e-05 0.925891 0.511776  1.03554 0.000723303
boundary (singular) fit: see ?isSingular
start par. =  1 1 1 1 1 1 1 1 1 1 1 1 1 1 1 1 1 1 1 1 1 1 1 fn =  240650.9 
At return
eval: 1568 fn:      239688.54 par: 5.37142e-08 2.70536e-07 1.12017e-06 0.000630225 0.0658880 0.00254818  0.00000 0.00624711 0.0888281 0.927099 0.0259998 0.582431 0.621720 0.488638 0.775186 0.678748 0.000111884 0.505432 0.0253105 0.732461 0.815565 1.46135e-07 0.0606284
boundary (singular) fit: see ?isSingular
start par. =  1 1 1 1 1 1 1 1 1 1 1 1 1 1 1 1 1 1 1 1 1 1 1 fn =  240647.2 
At return
eval: 832 fn:      239688.54 par:  0.00000 7.13885e-08 8.95571e-07 0.0629279 0.0590823 0.00856493 4.38795e-09 3.26162e-05 0.424858 0.567038 0.513814 0.479143 0.545058 0.595615 0.475798 0.567123 0.238464 0.475255 0.157054 0.285638 0.594835 0.000112999 0.000178047
boundary (singular) fit: see ?isSingular
start par. =  1 1 1 1 1 1 1 1 1 1 1 1 1 1 1 1 1 1 1 1 1 1 1 fn =  240650.9 
At return
eval: 1315 fn:      239688.54 par: 6.81227e-08 1.94139e-06 5.99829e-08 0.00337148 0.0615204 0.0263433 1.89695e-07 0.0115968 0.0587149 0.947368 1.06926e-06 0.558840 0.646402 0.503326 0.714813 0.496976 3.46041e-07 0.618814 0.00153968 0.831112 0.710820 0.00478459 0.0952136
boundary (singular) fit: see ?isSingular
start par. =  1 1 1 1 1 1 1 1 1 1 1 1 1 1 1 1 1 1 1 1 1 1 1 fn =  240610.6 
At return
eval: 1160 fn:      239688.54 par: 1.37384e-06  0.00000  0.00000 0.0228499 0.0339546 0.113229  0.00000 0.00161058 0.0786721 0.640181 0.732287 0.513628 0.641344 0.488186 0.734315 0.559569 0.277148 0.373182 0.820954 0.704588 0.751404 0.0491074 0.0309484
boundary (singular) fit: see ?isSingular
start par. =  1 1 1 1 1 1 1 1 1 1 1 1 1 1 1 1 1 1 1 1 1 1 1 fn =  240650.8 
At return
eval: 2486 fn:      239688.54 par: 3.24311e-06 1.97892e-07 1.20589e-06 0.0254165 0.0313433 0.0183418 1.47173e-08 0.0285965 0.272454 0.600427 0.489854 0.779882 0.762598 0.501506 0.547884 0.592524 0.325310 0.00709699 0.571922 0.538312 0.805995 0.0583939 0.00600125
boundary (singular) fit: see ?isSingular
start par. =  1 1 1 1 1 1 1 1 1 1 1 1 1 1 1 1 1 1 1 1 1 1 1 fn =  240646.5 
At return
eval: 2080 fn:      239688.54 par: 8.17198e-08  0.00000 7.80699e-08 0.0265454 0.00667358 0.106578  0.00000 0.0189646 0.179932 0.661751 0.601887 0.639963 0.631537 0.394187 0.960272 0.589077 0.650840 0.00185612 0.538634 0.714808 0.686687 2.43209e-07 0.0166042
boundary (singular) fit: see ?isSingular
start par. =  1 1 1 1 1 1 1 1 1 1 1 1 1 1 1 1 1 1 1 1 1 1 1 fn =  240650.8 
At return
eval: 1670 fn:      239688.54 par:  0.00000  0.00000 7.41156e-09 0.0833931 0.00116211 0.103343  0.00000 0.00472044 0.0762393 0.615235 0.719800 0.558262 0.589943 0.435044 0.884682 0.351367 0.530224 0.00990368 0.890844 0.722155 0.592165 0.0584714 2.97073e-05
boundary (singular) fit: see ?isSingular
start par. =  1 1 1 1 1 1 1 1 1 1 1 1 1 1 1 1 1 1 1 1 1 1 1 fn =  240650.8 
At return
eval: 1926 fn:      239688.54 par: 1.01599e-06 4.03221e-07 2.96467e-07 0.128369 7.54039e-06 3.56107e-07  0.00000 0.00973966 0.0955930 0.737221 0.446976 0.683027 0.810398 0.566962 0.665875 0.118975 0.507520 1.64490e-07 0.541289 0.802538 0.554951 5.09959e-05 0.0329108
boundary (singular) fit: see ?isSingular
start par. =  1 1 1 1 1 1 1 1 1 1 1 1 1 1 1 1 1 1 1 1 1 1 1 fn =  240646.8 
At return
eval: 1852 fn:      239688.54 par: 6.47451e-08  0.00000 6.13785e-08 0.0470226 0.0613775 0.00617880  0.00000 0.00651080 1.55886e-07 0.637470 0.645537 0.621742  1.20623 0.691519 0.519327 0.0430482 0.606991 0.00139249 0.939142 0.630454 0.922820 0.0240511 0.0899299
boundary (singular) fit: see ?isSingular
start par. =  1 1 1 1 1 1 1 1 1 1 1 1 1 1 1 1 1 1 1 1 1 1 1 fn =  240650.8 
At return
eval: 1581 fn:      239688.54 par: 7.56724e-07 3.08975e-07 3.91743e-07 0.0718883 0.0244875 0.102128  0.00000 2.66420e-05 0.0927018 0.922319 0.443581 0.379309 0.374168  1.05620 0.574393 0.00963347 0.665156 0.0339791 0.527022 0.776111 0.706187 0.129145 0.0119183
boundary (singular) fit: see ?isSingular
start par. =  1 1 1 1 1 1 1 1 1 1 1 1 1 1 1 1 1 1 1 1 1 1 1 fn =  240650.6 
At return
eval: 1213 fn:      239688.54 par:  0.00000  0.00000 4.03462e-07 0.0225580 0.000772151 0.132012  0.00000 0.00190297 0.0981045 0.814530 0.739130 0.576985 0.531561 0.692133 0.469963 0.272244 0.436171 1.66333e-06  1.00805 0.670940 0.593844 0.00402043 0.0648927
boundary (singular) fit: see ?isSingular
start par. =  1 1 1 1 1 1 1 1 1 1 1 1 1 1 1 1 1 1 1 1 1 1 1 fn =  240650.6 
At return
eval: 1213 fn:      239688.54 par:  0.00000  0.00000 4.03462e-07 0.0225580 0.000772151 0.132012  0.00000 0.00190297 0.0981045 0.814530 0.739130 0.576985 0.531561 0.692133 0.469963 0.272244 0.436171 1.66333e-06  1.00805 0.670940 0.593844 0.00402043 0.0648927
boundary (singular) fit: see ?isSingular
start par. =  1 1 1 1 1 1 1 1 1 1 1 1 1 1 1 1 1 1 1 1 1 1 1 fn =  240650.6 
At return
eval: 1213 fn:      239688.54 par:  0.00000  0.00000 4.03462e-07 0.0225580 0.000772151 0.132012  0.00000 0.00190297 0.0981045 0.814530 0.739130 0.576985 0.531561 0.692133 0.469963 0.272244 0.436171 1.66333e-06  1.00805 0.670940 0.593844 0.00402043 0.0648927
boundary (singular) fit: see ?isSingular
start par. =  1 1 1 1 1 1 1 1 1 1 1 1 1 1 1 1 1 1 1 1 1 1 fn =  240525.6 
At return
eval: 1346 fn:      239688.54 par: 1.76593e-06 1.01695e-06 1.38179e-06 0.0662748 0.0433687 0.0779783  0.00000 0.652087 0.738202 0.463930 0.817023 0.460138 0.626419 0.514280 0.207263 0.566743 0.0390714 0.975290 0.517857  1.14000 0.0471628 0.0330216
boundary (singular) fit: see ?isSingular
start par. =  1 1 1 1 1 1 1 1 1 1 1 1 1 1 1 1 1 1 1 1 1 1 fn =  240526.4 
At return
eval: 1853 fn:      239688.54 par: 6.27646e-07 2.61139e-07 1.41880e-08 0.000292266 0.0632894 0.0444275 3.10332e-05 0.617036 0.643132 0.637109 0.918422 0.515083 0.194291 0.690982 0.135172 0.398645 0.0242762 0.909014 0.619065 0.982092 3.29173e-05 0.0639821
boundary (singular) fit: see ?isSingular
start par. =  1 1 1 1 1 1 1 1 1 1 1 1 1 1 1 1 1 1 1 1 1 1 fn =  240622.6 
At return
eval: 1757 fn:      239688.54 par: 7.41064e-08 3.49491e-07  0.00000 0.0285516 0.0512410  0.00000 0.0204305 0.684583 0.615455 0.601921  1.05774 0.102506 0.884004 0.749128 0.0142563 0.440829 0.000494593 0.807454 0.716557 0.785830 0.000359678 0.0340676
boundary (singular) fit: see ?isSingular
start par. =  1 1 1 1 1 1 1 1 1 1 1 1 1 1 1 1 1 1 1 1 1 1 fn =  240610.6 
At return
eval: 989 fn:      239688.54 par:  0.00000  0.00000  0.00000 0.0742849 0.111701  0.00000 0.000232196 0.644735 0.703418 0.530716  1.08540 0.0521388 0.775161 0.535950 0.00837977 0.697512 0.0331214 0.813073 0.687143 0.879501 0.0976672 0.00762669
boundary (singular) fit: see ?isSingular
start par. =  1 1 1 1 1 1 1 1 1 1 1 1 1 1 1 1 1 1 1 1 1 1 fn =  240622.6 
At return
eval: 1966 fn:      239688.54 par: 3.37461e-06 3.68552e-07 6.29130e-08 0.0627106 0.0164848  0.00000 0.0111637 0.653044 0.601151 0.649690 0.963414 0.244854 0.880071 0.786056 0.000143010 0.396068 0.000183354 0.902251 0.693351 0.765748 0.000248037 0.00297798
boundary (singular) fit: see ?isSingular
start par. =  1 1 1 1 1 1 1 1 1 1 1 1 1 1 1 1 1 1 1 1 1 1 fn =  240622.6 
At return
eval: 1429 fn:      239688.54 par: 3.59131e-07  0.00000 0.127078 0.00174822 0.0409817 1.23353e-07 0.00311712 0.354921 0.733666 0.738529 0.687974 0.526996 0.598494 0.557079 0.0787832 0.660896 3.96101e-05 0.734954 0.668958 0.996595 0.000733791 0.0137182
boundary (singular) fit: see ?isSingular
start par. =  1 1 1 1 1 1 1 1 1 1 1 1 1 1 1 1 1 1 1 1 1 1 fn =  240610.7 
At return
eval: 1080 fn:      239688.54 par: 5.58603e-07  0.00000 0.0230097 0.0203840 0.125717 1.38581e-08 1.46152e-05 0.624001 0.609817 0.654672 0.835893 0.0682833 0.917074 0.647581 0.00130454 0.596273 0.0353210 0.833207 0.645300 0.981652 0.154942 0.000389814
boundary (singular) fit: see ?isSingular
start par. =  1 1 1 1 1 1 1 1 1 1 1 1 1 1 1 1 1 1 1 1 1 1 fn =  240622.6 
At return
eval: 1081 fn:      239688.54 par: 1.76360e-07  0.00000 0.117809 2.86043e-07 0.0641661  0.00000 7.36878e-07 0.715298 0.522006 0.652277 0.877711 0.176593 0.997778 0.513582 0.123541 0.670977 0.00245706 0.684622 0.802417 0.528524 0.0569431 9.51886e-07
boundary (singular) fit: see ?isSingular
start par. =  1 1 1 1 1 1 1 1 1 1 1 1 1 1 1 1 1 1 1 1 1 1 fn =  240525.6 
At return
eval: 1346 fn:      239688.54 par: 1.76593e-06 1.01695e-06 1.38179e-06 0.0662748 0.0433687 0.0779783  0.00000 0.652087 0.738202 0.463930 0.817023 0.460138 0.626419 0.514280 0.207263 0.566743 0.0390714 0.975290 0.517857  1.14000 0.0471628 0.0330216
boundary (singular) fit: see ?isSingular
start par. =  1 1 1 1 1 1 1 1 1 1 1 1 1 1 1 1 1 1 1 1 1 1 fn =  240516.8 
At return
eval: 1077 fn:      239688.54 par: 5.04416e-07 1.94304e-08 9.05447e-08 0.0617741 0.000176095 0.119080  0.00000 0.0487806 0.645482 0.379833 0.804080 0.831371 0.334516 0.824440 0.762409 0.0891620 0.402358 0.0120532 0.847771 0.673787 0.866360 0.0880235
boundary (singular) fit: see ?isSingular
start par. =  1 1 1 1 1 1 1 1 1 1 1 1 1 1 1 1 1 1 1 1 1 1 fn =  240520.9 
At return
eval: 1205 fn:      239688.54 par: 5.20221e-08 5.98337e-07 2.12127e-07 0.0989662 0.0137582 0.0862841  0.00000 0.0350566 0.592816 0.708013 0.597673  1.02483 0.190326 0.864503 0.591950 0.187708 0.532477 0.00151746 0.832685 0.567401  1.15010 0.00214532
boundary (singular) fit: see ?isSingular
start par. =  1 1 1 1 1 1 1 1 1 1 1 1 1 1 1 1 1 1 1 1 1 1 fn =  240550.3 
At return
eval: 415 fn:      239688.54 par: 6.52366e-08 1.66759e-07 1.08840e-08 0.132103 0.00886358 0.0151879  0.00000 0.288263 0.725512 0.541026 0.539433 0.780224 0.500722 0.570170 0.536858 0.213677 0.551253 0.0789443 0.593637 0.640604 0.0190912 0.00407377
boundary (singular) fit: see ?isSingular
start par. =  1 1 1 1 1 1 1 1 1 1 1 1 1 1 1 1 1 1 1 1 1 1 fn =  240546.6 
At return
eval: 994 fn:      239688.54 par: 1.94061e-07  0.00000 3.13141e-07 0.134087 0.000485719 0.00398997  0.00000 0.335715 0.886150 0.499196 0.415718 0.686884 0.455370 0.733625 0.659095 0.245407 0.315697 0.0125553 0.945276 0.791603 0.0802441 1.43788e-06
boundary (singular) fit: see ?isSingular
start par. =  1 1 1 1 1 1 1 1 1 1 1 1 1 1 1 1 1 1 1 1 1 1 fn =  240550.3 
At return
eval: 455 fn:      239688.54 par:  0.00000  0.00000 1.32300e-06 0.132093 0.00905223 0.0148209 3.00191e-07 0.288242 0.725644 0.539186 0.540760 0.779935 0.500730 0.570285 0.536833 0.213579 0.551413 0.0791051 0.640681 0.593435 0.0195100 0.00409205
boundary (singular) fit: see ?isSingular
start par. =  1 1 1 1 1 1 1 1 1 1 1 1 1 1 1 1 1 1 1 1 1 1 fn =  240510 
At return
eval: 1088 fn:      239688.54 par: 9.76811e-08  0.00000 2.81282e-06 0.0957755 0.0425621 0.0397130 2.06594e-09 0.0319626 0.771091 0.511249 0.594806 0.959344 0.327078 0.768961 0.694583 0.0576600 0.518856 0.840332 0.594859  1.08898 0.0136650 0.0249706
boundary (singular) fit: see ?isSingular
start par. =  1 1 1 1 1 1 1 1 1 1 1 1 1 1 1 1 1 1 1 1 1 1 fn =  240550.2 
At return
eval: 911 fn:      239688.54 par: 9.01825e-08 3.98210e-07 2.87106e-06 0.118984 0.0308375 0.00593838  0.00000 0.223675 0.647157 0.834234 0.297804 0.605906 0.542606 0.616490 0.794801 0.189234 0.0199800 0.746438 0.601355 0.720533 0.0331186 0.00128905
boundary (singular) fit: see ?isSingular
start par. =  1 1 1 1 1 1 1 1 1 1 1 1 1 1 1 1 1 1 1 1 1 1 fn =  240545.9 
At return
eval: 734 fn:      239688.54 par: 1.13134e-06 4.17952e-08 8.85822e-07 0.0522728 0.0153825 0.119655 1.13941e-08 0.153076 0.718800 0.536764 0.500031 0.923602 0.402811 0.663538 0.834370 0.267833 0.0984022 0.701593 0.696207 0.719329 0.00275735 0.0210471
boundary (singular) fit: see ?isSingular
start par. =  1 1 1 1 1 1 1 1 1 1 1 1 1 1 1 1 1 1 1 1 1 1 fn =  240550.2 
At return
eval: 971 fn:      239688.54 par: 1.34628e-07  0.00000 7.55475e-08 0.122147 0.0277321 3.50299e-06  0.00000 0.217428 0.628749 0.843708 0.312155 0.595791 0.543941 0.621430 0.195913 0.785905 0.0179839 0.740621 0.611994 0.721370 0.0334461 0.0153553
boundary (singular) fit: see ?isSingular
start par. =  1 1 1 1 1 1 1 1 1 1 1 1 1 1 1 1 1 1 1 1 1 1 fn =  240550.2 
At return
eval: 864 fn:      239688.54 par: 1.75180e-08  0.00000  0.00000 0.00320955 0.0193720 0.128394  0.00000 0.226333 0.554061 0.592244 0.734250 0.855550 0.429991 0.724687 0.111988 0.441037 0.0284827 0.719468 0.607422 0.714398 0.171556 0.0178988
boundary (singular) fit: see ?isSingular
start par. =  1 1 1 1 1 1 1 1 1 1 1 1 1 1 1 1 1 1 1 1 1 1 fn =  240546.2 
At return
eval: 628 fn:      239688.54 par: 3.84621e-06 1.81838e-07 1.27217e-07 0.0320894 0.0221983 0.122456 3.18977e-08 0.117664 0.739317 0.614021 0.528942  1.10864 0.673032 0.624482 0.139226 0.552557 0.0200695 0.531515 0.797664 0.523827 0.127567 0.0114857
boundary (singular) fit: see ?isSingular
start par. =  1 1 1 1 1 1 1 1 1 1 1 1 1 1 1 1 1 1 1 1 1 1 fn =  240550.2 
At return
eval: 1109 fn:      239688.54 par: 5.22743e-07 2.13345e-07 8.84713e-08 0.0155080 0.00877054 0.132091  0.00000 0.219473 0.603728 0.553082 0.734402 0.451178 0.816534 0.714620 0.122591 0.450316 0.00181978 0.694180 0.619004 0.733645 0.169833 0.00922732
boundary (singular) fit: see ?isSingular
start par. =  1 1 1 1 1 1 1 1 1 1 1 1 1 1 1 1 1 1 1 1 1 1 fn =  240550 
At return
eval: 936 fn:      239688.54 par: 3.73296e-08 5.14043e-09 3.29361e-07 0.0256017 0.0149998 0.128221  0.00000 0.303445 0.717688 0.742347 0.668947 0.505386 0.663846 0.486598 0.129512 0.686362 0.0947407 0.970841 0.300925 0.738525 0.0451985 6.10336e-08
boundary (singular) fit: see ?isSingular
start par. =  1 1 1 1 1 1 1 1 1 1 1 1 1 1 1 1 1 1 1 1 1 1 fn =  240550 
At return
eval: 936 fn:      239688.54 par: 3.73296e-08 5.14043e-09 3.29361e-07 0.0256017 0.0149998 0.128221  0.00000 0.303445 0.717688 0.742347 0.668947 0.505386 0.663846 0.486598 0.129512 0.686362 0.0947407 0.970841 0.300925 0.738525 0.0451985 6.10336e-08
boundary (singular) fit: see ?isSingular
start par. =  1 1 1 1 1 1 1 1 1 1 1 1 1 1 1 1 1 1 1 1 1 1 fn =  240550 
At return
eval: 936 fn:      239688.54 par: 3.73296e-08 5.14043e-09 3.29361e-07 0.0256017 0.0149998 0.128221  0.00000 0.303445 0.717688 0.742347 0.668947 0.505386 0.663846 0.486598 0.129512 0.686362 0.0947407 0.970841 0.300925 0.738525 0.0451985 6.10336e-08
boundary (singular) fit: see ?isSingular
start par. =  1 1 1 1 1 1 1 1 1 1 1 1 1 1 1 1 1 1 1 1 1 1 fn =  240526.4 
At return
eval: 1648 fn:      239688.54 par: 1.08430e-08 2.64573e-07 1.28656e-07 1.47445e-06 0.0904755 0.0492986 0.00942985 0.860333 0.372844 0.574916 0.704308 0.262054  1.08242 0.438407 0.116393 0.723795 0.00152910 0.911164 0.502910  1.21720 0.00210523 0.0170872
boundary (singular) fit: see ?isSingular
start par. =  1 1 1 1 1 1 1 1 1 1 1 1 1 1 1 1 1 1 1 1 1 1 fn =  240622.6 
At return
eval: 2174 fn:      239688.54 par: 0.000385954 1.70832e-06 3.56942e-07 1.13910e-06 0.0506457 0.0621068 1.02211e-07 0.692011 0.675110 0.496738 0.659190 0.333457  1.03024 0.715634 0.000638508 0.512612 0.0422590 0.836114 0.731245 0.696534 0.0108038 3.75716e-06
boundary (singular) fit: see ?isSingular
start par. =  1 1 1 1 1 1 1 1 1 1 1 1 1 1 1 1 1 1 1 1 1 1 fn =  240610.6 
At return
eval: 2021 fn:      239688.54 par: 0.00393090 7.53704e-07 4.69180e-08 9.26665e-07 0.133094 0.00592027  0.00000 0.485898 0.178021 0.970558  1.00031 0.408316 0.521127 0.452052 0.296641 0.447746 7.04031e-07  1.22557 0.152335  1.31476 0.0144071 0.0336720
boundary (singular) fit: see ?isSingular
start par. =  1 1 1 1 1 1 1 1 1 1 1 1 1 1 1 1 1 1 1 1 1 1 fn =  240622.6 
At return
eval: 2287 fn:      239688.54 par: 0.00583149 1.61325e-06 5.04316e-07 4.28534e-07 0.0658794 0.00958383  0.00000 0.757549 0.361240 0.690190 0.812300 0.0892592  1.11834 0.437397 0.109677 0.731696 0.0426714 0.781275 0.693869 0.887296 3.41560e-07 0.00330524
boundary (singular) fit: see ?isSingular
start par. =  1 1 1 1 1 1 1 1 1 1 1 1 1 1 1 1 1 1 1 1 1 1 fn =  240622.6 
At return
eval: 1318 fn:      239688.54 par: 0.00670277 8.77090e-08 1.82190e-07 2.32308e-06 0.00303451 0.131303 9.48938e-10 0.563628 0.575692 0.748746 0.984077 0.351722 0.650773 0.571141 0.116524 0.624211 0.00193682 0.266490 0.642225  1.26600 0.0590168 0.0173049
boundary (singular) fit: see ?isSingular
start par. =  1 1 1 1 1 1 1 1 1 1 1 1 1 1 1 1 1 1 1 1 1 1 fn =  240610.7 
At return
eval: 1372 fn:      239688.54 par: 0.00187949 1.22235e-06 7.15787e-07 0.120301 0.000395608 0.0588783  0.00000 0.477989 0.730393 0.669249 0.577028 0.493577 0.670598 0.580485 0.00736781 0.660881 1.95872e-06 0.306099 0.848807 0.589779 0.107619 0.00803167
boundary (singular) fit: see ?isSingular
start par. =  1 1 1 1 1 1 1 1 1 1 1 1 1 1 1 1 1 1 1 1 1 1 fn =  240622.6 
At return
eval: 2391 fn:      239688.54 par: 0.00412186  0.00000  0.00000 0.0892011 0.0436721 0.0462429  0.00000 0.522402 0.700418 0.668028 0.786717 0.147541  1.10760 0.559593 0.00410461 0.636041 0.000487009  1.34857 0.315072  1.05245 0.0245804 0.0598013
boundary (singular) fit: see ?isSingular
There were 50 or more warnings (use warnings() to see the first 50)

Saving the lmm.zcp.N170.SC.E2.step
R version 3.5.3 (2019-03-11)
Platform: x86_64-pc-linux-gnu (64-bit)
Running under: CentOS Linux 7 (Core)

Matrix products: default
BLAS/LAPACK: /scale_wlg_persistent/filesets/opt_nesi/CS400_centos7_bdw/imkl/2018.4.274-gimpi-2018b/compilers_and_libraries_2018.5.274/linux/mkl/lib/intel64_lin/libmkl_gf_lp64.so

locale:
 [1] LC_CTYPE=en_US.UTF-8       LC_NUMERIC=C              
 [3] LC_TIME=en_US.UTF-8        LC_COLLATE=en_US.UTF-8    
 [5] LC_MONETARY=en_US.UTF-8    LC_MESSAGES=en_US.UTF-8   
 [7] LC_PAPER=en_US.UTF-8       LC_NAME=C                 
 [9] LC_ADDRESS=C               LC_TELEPHONE=C            
[11] LC_MEASUREMENT=en_US.UTF-8 LC_IDENTIFICATION=C       

attached base packages:
[1] stats     graphics  grDevices utils     datasets  methods   base     

other attached packages:
[1] lmerTest_3.1-0 lme4_1.1-21    Matrix_1.2-16 

loaded via a namespace (and not attached):
 [1] Rcpp_1.0.0        magrittr_1.5      bindr_0.1.1       splines_3.5.3    
 [5] MASS_7.3-51.1     tidyselect_0.2.5  munsell_0.5.0     colorspace_1.4-0 
 [9] lattice_0.20-38   R6_2.4.0          rlang_0.3.1       minqa_1.2.4      
[13] plyr_1.8.4        dplyr_0.7.8       grid_3.5.3        gtable_0.2.0     
[17] nlme_3.1-137      assertthat_0.2.0  lazyeval_0.2.1    tibble_2.0.1     
[21] numDeriv_2016.8-1 crayon_1.3.4      bindrcpp_0.2.2    purrr_0.2.5      
[25] nloptr_1.2.1      ggplot2_3.1.0     glue_1.3.0        compiler_3.5.3   
[29] pillar_1.3.1      scales_1.0.0      boot_1.3-20       pkgconfig_2.0.2  
R finished.
