Fitting model for P203_DataAnalysis.Rmd...
The corresponding *.out file is 2586344.out
Setting the current working directory...

Loading the libraries...
Loading required package: Matrix

Attaching package: ‘lmerTest’

The following object is masked from ‘package:lme4’:

    lmer

The following object is masked from ‘package:stats’:

    step


Loading the data file...

################################################################################
Reducing the lmm.zcp.P1 model...
singular fit
singular fit
singular fit
singular fit
singular fit
singular fit
singular fit
singular fit
singular fit
singular fit
singular fit
singular fit
singular fit
singular fit
singular fit
singular fit
singular fit
singular fit
singular fit
singular fit
singular fit
singular fit
singular fit
singular fit
singular fit
singular fit
singular fit
singular fit
singular fit
singular fit
singular fit
singular fit
singular fit
singular fit
singular fit
singular fit
singular fit
singular fit
singular fit
singular fit
singular fit
singular fit
singular fit
