Fitting model for P203_DataAnalysis.Rmd...
The corresponding *.out file is 2584185.out
Setting the current working directory...

Loading the libraries...
Loading required package: Matrix

Attaching package: ‘lmerTest’

The following object is masked from ‘package:lme4’:

    lmer

The following object is masked from ‘package:stats’:

    step


Loading the data file...

################################################################################
Fitting the lmm.max.N170.E4 model...
singular fit
Warning message:
Model failed to converge with 3 negative eigenvalues: -2.5e-01 -1.7e+03 -6.2e+03 

Saving the lmm.max.acc.E4
R version 3.5.1 (2018-07-02)
Platform: x86_64-pc-linux-gnu (64-bit)
Running under: CentOS Linux 7 (Core)

Matrix products: default
BLAS/LAPACK: /scale_wlg_persistent/filesets/opt_nesi/CS400_centos7_bdw/imkl/2017.6.256-gimpi-2017a/linux/mkl/lib/intel64_lin/libmkl_gf_lp64.so

locale:
 [1] LC_CTYPE=en_US.UTF-8       LC_NUMERIC=C              
 [3] LC_TIME=en_US.UTF-8        LC_COLLATE=en_US.UTF-8    
 [5] LC_MONETARY=en_US.UTF-8    LC_MESSAGES=en_US.UTF-8   
 [7] LC_PAPER=en_US.UTF-8       LC_NAME=C                 
 [9] LC_ADDRESS=C               LC_TELEPHONE=C            
[11] LC_MEASUREMENT=en_US.UTF-8 LC_IDENTIFICATION=C       

attached base packages:
[1] stats     graphics  grDevices utils     datasets  methods   base     

other attached packages:
[1] lmerTest_3.0-1 lme4_1.1-19    Matrix_1.2-14  readr_1.1.1   

loaded via a namespace (and not attached):
 [1] Rcpp_1.0.0        lattice_0.20-35   MASS_7.3-50       plyr_1.8.4       
 [5] grid_3.5.1        R6_2.2.2          gtable_0.2.0      nlme_3.1-137     
 [9] scales_0.5.0      ggplot2_2.2.1     pillar_1.2.2      rlang_0.3.1      
[13] lazyeval_0.2.1    minqa_1.2.4       nloptr_1.0.4      splines_3.5.1    
[17] munsell_0.4.3     hms_0.4.2         numDeriv_2016.8-1 compiler_3.5.1   
[21] colorspace_1.3-2  pkgconfig_2.0.1   tibble_1.4.2     
