Fitting model for P203_DataAnalysis.Rmd...
The corresponding *.out file is 2989118.out
Setting the current working directory...

Loading the libraries...
Loading required package: Matrix

Attaching package: ‘lmerTest’

The following object is masked from ‘package:lme4’:

    lmer

The following object is masked from ‘package:stats’:

    step


Loading the data file...

################################################################################
Fitting the lmm.rdc.rt.E4 model...
start par. =  1 1 1 1 1 1 1 1 1 1 1 fn =  440739.3 
At return
eval: 1143 fn:      439794.92 par: 0.206659 0.0652012 0.0214778 0.489678 0.167649 0.626012 0.258697 0.341624 0.267649  1.09474 0.588042

Saving the lmm.rdc.rt.E4

################################################################################
Fitting the lmm.etd.rt.E4 model...
start par. =  1 0 1 1 0 0 0 0 0 0 0 1 0 0 0 0 0 0 1 0 0 0 0 0 1 0 0 0 0 1 0 0 0 1 0 0 1 0 1 fn =  440387.1 
At return
eval: 5481 fn:      439647.98 par: 0.0692535 -0.0126269 0.206936 0.587300 -0.321884 0.0220487 -0.274395 -0.0566409 0.237936 -0.0541200 0.188639  1.06084 0.0968783 0.00275184 -0.0832646 0.0426717 -0.104887 -0.00444734 0.308556 -0.00206254 -0.276123 -0.0506452 -0.196754 0.195606 0.183512 0.00691525 -0.221192 0.0119891 -0.0942944 0.142410 0.189125 -0.0152749 -0.191243 0.487185 -0.0338453 0.0638959 0.0740384 -0.438164 7.19340e-06
singular fit

Saving the lmm.etd.rt.E4
R version 3.5.1 (2018-07-02)
Platform: x86_64-pc-linux-gnu (64-bit)
Running under: CentOS Linux 7 (Core)

Matrix products: default
BLAS/LAPACK: /scale_wlg_persistent/filesets/opt_nesi/CS400_centos7_bdw/imkl/2017.6.256-gimpi-2017a/linux/mkl/lib/intel64_lin/libmkl_gf_lp64.so

locale:
 [1] LC_CTYPE=en_US.UTF-8       LC_NUMERIC=C              
 [3] LC_TIME=en_US.UTF-8        LC_COLLATE=en_US.UTF-8    
 [5] LC_MONETARY=en_US.UTF-8    LC_MESSAGES=en_US.UTF-8   
 [7] LC_PAPER=en_US.UTF-8       LC_NAME=C                 
 [9] LC_ADDRESS=C               LC_TELEPHONE=C            
[11] LC_MEASUREMENT=en_US.UTF-8 LC_IDENTIFICATION=C       

attached base packages:
[1] stats     graphics  grDevices utils     datasets  methods   base     

other attached packages:
[1] lmerTest_3.0-1 lme4_1.1-20    Matrix_1.2-14  readr_1.1.1   

loaded via a namespace (and not attached):
 [1] Rcpp_1.0.0        lattice_0.20-35   MASS_7.3-50       plyr_1.8.4       
 [5] grid_3.5.1        R6_2.2.2          gtable_0.2.0      nlme_3.1-137     
 [9] scales_0.5.0      ggplot2_2.2.1     pillar_1.2.2      rlang_0.3.1      
[13] lazyeval_0.2.1    minqa_1.2.4       nloptr_1.0.4      splines_3.5.1    
[17] munsell_0.4.3     hms_0.4.2         numDeriv_2016.8-1 compiler_3.5.1   
[21] colorspace_1.3-2  pkgconfig_2.0.1   tibble_1.4.2     
