Fitting model for P203_DataAnalysis.Rmd...
The corresponding *.out file is 2985402.out
Setting the current working directory...

Loading the libraries...
Loading required package: Matrix

Attaching package: ‘lmerTest’

The following object is masked from ‘package:lme4’:

    lmer

The following object is masked from ‘package:stats’:

    step


Loading the data file...

################################################################################
Fitting the lmm.max.trial model...
start par. =  1 0 0 0 1 0 0 1 0 1 1 0 0 0 0 0 0 0 1 0 0 0 0 0 0 1 0 0 0 0 0 1 0 0 0 0 1 0 0 0 1 0 0 1 0 1 fn =  441020.9 
At return
eval: 9200 fn:      439638.93 par: 0.0433819 -0.0176095 -0.0333363 -0.0529896 0.0643823 -0.00820379 0.0295028 0.0148659 -0.203339 2.24292e-05 0.587734 -0.322010 0.0223401 -0.274670 -0.0569934 0.238219 -0.0544361 0.189142  1.06135 0.0972377 0.00262351 -0.0836233 0.0429201 -0.105160 -0.00430079 0.308588 -0.00207492 -0.275962 -0.0503233 -0.196936 0.195750 0.183623 0.00702052 -0.221653 0.0121049 -0.0943560 0.142450 0.189345 -0.0153780 -0.190942 0.487347 -0.0337612 0.0637804 0.0744143 -0.438909 3.31402e-07
singular fit

Saving the lmm.max.rt.E4
R version 3.5.1 (2018-07-02)
Platform: x86_64-pc-linux-gnu (64-bit)
Running under: CentOS Linux 7 (Core)

Matrix products: default
BLAS/LAPACK: /scale_wlg_persistent/filesets/opt_nesi/CS400_centos7_bdw/imkl/2017.6.256-gimpi-2017a/linux/mkl/lib/intel64_lin/libmkl_gf_lp64.so

locale:
 [1] LC_CTYPE=en_US.UTF-8       LC_NUMERIC=C              
 [3] LC_TIME=en_US.UTF-8        LC_COLLATE=en_US.UTF-8    
 [5] LC_MONETARY=en_US.UTF-8    LC_MESSAGES=en_US.UTF-8   
 [7] LC_PAPER=en_US.UTF-8       LC_NAME=C                 
 [9] LC_ADDRESS=C               LC_TELEPHONE=C            
[11] LC_MEASUREMENT=en_US.UTF-8 LC_IDENTIFICATION=C       

attached base packages:
[1] stats     graphics  grDevices utils     datasets  methods   base     

other attached packages:
[1] lmerTest_3.0-1 lme4_1.1-20    Matrix_1.2-14  readr_1.1.1   

loaded via a namespace (and not attached):
 [1] Rcpp_1.0.0        lattice_0.20-35   MASS_7.3-50       plyr_1.8.4       
 [5] grid_3.5.1        R6_2.2.2          gtable_0.2.0      nlme_3.1-137     
 [9] scales_0.5.0      ggplot2_2.2.1     pillar_1.2.2      rlang_0.3.1      
[13] lazyeval_0.2.1    minqa_1.2.4       nloptr_1.0.4      splines_3.5.1    
[17] munsell_0.4.3     hms_0.4.2         numDeriv_2016.8-1 compiler_3.5.1   
[21] colorspace_1.3-2  pkgconfig_2.0.1   tibble_1.4.2     
